{"$message_type":"diagnostic","message":"the trait bound `std::string::String: From<worker::Request>` is not satisfied","code":{"code":"E0277","explanation":"You tried to use a type which doesn't implement some trait in a place which\nexpected that trait.\n\nErroneous code example:\n\n```compile_fail,E0277\n// here we declare the Foo trait with a bar method\ntrait Foo {\n    fn bar(&self);\n}\n\n// we now declare a function which takes an object implementing the Foo trait\nfn some_func<T: Foo>(foo: T) {\n    foo.bar();\n}\n\nfn main() {\n    // we now call the method with the i32 type, which doesn't implement\n    // the Foo trait\n    some_func(5i32); // error: the trait bound `i32 : Foo` is not satisfied\n}\n```\n\nIn order to fix this error, verify that the type you're using does implement\nthe trait. Example:\n\n```\ntrait Foo {\n    fn bar(&self);\n}\n\n// we implement the trait on the i32 type\nimpl Foo for i32 {\n    fn bar(&self) {}\n}\n\nfn some_func<T: Foo>(foo: T) {\n    foo.bar(); // we can now use this method since i32 implements the\n               // Foo trait\n}\n\nfn main() {\n    some_func(5i32); // ok!\n}\n```\n\nOr in a generic context, an erroneous code example would look like:\n\n```compile_fail,E0277\nfn some_func<T>(foo: T) {\n    println!(\"{:?}\", foo); // error: the trait `core::fmt::Debug` is not\n                           //        implemented for the type `T`\n}\n\nfn main() {\n    // We now call the method with the i32 type,\n    // which *does* implement the Debug trait.\n    some_func(5i32);\n}\n```\n\nNote that the error here is in the definition of the generic function. Although\nwe only call it with a parameter that does implement `Debug`, the compiler\nstill rejects the function. It must work with all possible input types. In\norder to make this example compile, we need to restrict the generic type we're\naccepting:\n\n```\nuse std::fmt;\n\n// Restrict the input type to types that implement Debug.\nfn some_func<T: fmt::Debug>(foo: T) {\n    println!(\"{:?}\", foo);\n}\n\nfn main() {\n    // Calling the method is still fine, as i32 implements Debug.\n    some_func(5i32);\n\n    // This would fail to compile now:\n    // struct WithoutDebug;\n    // some_func(WithoutDebug);\n}\n```\n\nRust only looks at the signature of the called function, as such it must\nalready specify all requirements that will be used for every type parameter.\n"},"level":"error","spans":[{"file_name":"src/lib.rs","byte_start":2924,"byte_end":2927,"line_start":116,"line_end":116,"column_start":29,"column_end":32,"is_primary":true,"text":[{"text":"        return assets.fetch(req).await;","highlight_start":29,"highlight_end":32}],"label":"the trait `From<worker::Request>` is not implemented for `std::string::String`","suggested_replacement":null,"suggestion_applicability":null,"expansion":null},{"file_name":"src/lib.rs","byte_start":2918,"byte_end":2923,"line_start":116,"line_end":116,"column_start":23,"column_end":28,"is_primary":false,"text":[{"text":"        return assets.fetch(req).await;","highlight_start":23,"highlight_end":28}],"label":"required by a bound introduced by this call","suggested_replacement":null,"suggestion_applicability":null,"expansion":null}],"children":[{"message":"the following other types implement trait `From<T>`:\n  `std::string::String` implements `From<&JsString>`\n  `std::string::String` implements `From<&mut str>`\n  `std::string::String` implements `From<&std::string::String>`\n  `std::string::String` implements `From<&str>`\n  `std::string::String` implements `From<Box<str>>`\n  `std::string::String` implements `From<Cow<'_, str>>`\n  `std::string::String` implements `From<JsString>`\n  `std::string::String` implements `From<char>`\nand 2 others","code":null,"level":"help","spans":[],"children":[],"rendered":null},{"message":"required for `worker::Request` to implement `Into<std::string::String>`","code":null,"level":"note","spans":[],"children":[],"rendered":null},{"message":"required by a bound in `worker::Fetcher::fetch`","code":null,"level":"note","spans":[{"file_name":"/Users/peterp/.cargo/registry/src/index.crates.io-1949cf8c6b5b557f/worker-0.5.0/src/fetcher.rs","byte_start":913,"byte_end":918,"line_start":29,"line_end":29,"column_start":18,"column_end":23,"is_primary":false,"text":[{"text":"    pub async fn fetch(","highlight_start":18,"highlight_end":23}],"label":"required by a bound in this associated function","suggested_replacement":null,"suggestion_applicability":null,"expansion":null},{"file_name":"/Users/peterp/.cargo/registry/src/index.crates.io-1949cf8c6b5b557f/worker-0.5.0/src/fetcher.rs","byte_start":953,"byte_end":965,"line_start":31,"line_end":31,"column_start":19,"column_end":31,"is_primary":true,"text":[{"text":"        url: impl Into<String>,","highlight_start":19,"highlight_end":31}],"label":"required by this bound in `Fetcher::fetch`","suggested_replacement":null,"suggestion_applicability":null,"expansion":null}],"children":[],"rendered":null}],"rendered":"\u001b[1m\u001b[91merror[E0277]\u001b[0m\u001b[1m: the trait bound `std::string::String: From<worker::Request>` is not satisfied\u001b[0m\n   \u001b[1m\u001b[94m--> \u001b[0msrc/lib.rs:116:29\n    \u001b[1m\u001b[94m|\u001b[0m\n\u001b[1m\u001b[94m116\u001b[0m \u001b[1m\u001b[94m|\u001b[0m         return assets.fetch(req).await;\n    \u001b[1m\u001b[94m|\u001b[0m                       \u001b[1m\u001b[94m-----\u001b[0m \u001b[1m\u001b[91m^^^\u001b[0m \u001b[1m\u001b[91mthe trait `From<worker::Request>` is not implemented for `std::string::String`\u001b[0m\n    \u001b[1m\u001b[94m|\u001b[0m                       \u001b[1m\u001b[94m|\u001b[0m\n    \u001b[1m\u001b[94m|\u001b[0m                       \u001b[1m\u001b[94mrequired by a bound introduced by this call\u001b[0m\n    \u001b[1m\u001b[94m|\u001b[0m\n    \u001b[1m\u001b[94m= \u001b[0m\u001b[1mhelp\u001b[0m: the following other types implement trait `From<T>`:\n              `std::string::String` implements `From<&JsString>`\n              `std::string::String` implements `From<&mut str>`\n              `std::string::String` implements `From<&std::string::String>`\n              `std::string::String` implements `From<&str>`\n              `std::string::String` implements `From<Box<str>>`\n              `std::string::String` implements `From<Cow<'_, str>>`\n              `std::string::String` implements `From<JsString>`\n              `std::string::String` implements `From<char>`\n            and 2 others\n    \u001b[1m\u001b[94m= \u001b[0m\u001b[1mnote\u001b[0m: required for `worker::Request` to implement `Into<std::string::String>`\n\u001b[1m\u001b[92mnote\u001b[0m: required by a bound in `worker::Fetcher::fetch`\n   \u001b[1m\u001b[94m--> \u001b[0m/Users/peterp/.cargo/registry/src/index.crates.io-1949cf8c6b5b557f/worker-0.5.0/src/fetcher.rs:31:19\n    \u001b[1m\u001b[94m|\u001b[0m\n \u001b[1m\u001b[94m29\u001b[0m \u001b[1m\u001b[94m|\u001b[0m     pub async fn fetch(\n    \u001b[1m\u001b[94m|\u001b[0m                  \u001b[1m\u001b[94m-----\u001b[0m \u001b[1m\u001b[94mrequired by a bound in this associated function\u001b[0m\n \u001b[1m\u001b[94m30\u001b[0m \u001b[1m\u001b[94m|\u001b[0m         &self,\n \u001b[1m\u001b[94m31\u001b[0m \u001b[1m\u001b[94m|\u001b[0m         url: impl Into<String>,\n    \u001b[1m\u001b[94m|\u001b[0m                   \u001b[1m\u001b[92m^^^^^^^^^^^^\u001b[0m \u001b[1m\u001b[92mrequired by this bound in `Fetcher::fetch`\u001b[0m\n\n"}
{"$message_type":"diagnostic","message":"this method takes 2 arguments but 1 argument was supplied","code":{"code":"E0061","explanation":"An invalid number of arguments was passed when calling a function.\n\nErroneous code example:\n\n```compile_fail,E0061\nfn f(u: i32) {}\n\nf(); // error!\n```\n\nThe number of arguments passed to a function must match the number of arguments\nspecified in the function signature.\n\nFor example, a function like:\n\n```\nfn f(a: u16, b: &str) {}\n```\n\nMust always be called with exactly two arguments, e.g., `f(2, \"test\")`.\n\nNote that Rust does not have a notion of optional function arguments or\nvariadic functions (except for its C-FFI).\n"},"level":"error","spans":[{"file_name":"src/lib.rs","byte_start":2923,"byte_end":2928,"line_start":116,"line_end":116,"column_start":28,"column_end":33,"is_primary":false,"text":[{"text":"        return assets.fetch(req).await;","highlight_start":28,"highlight_end":33}],"label":"argument #2 of type `std::option::Option<worker::RequestInit>` is missing","suggested_replacement":null,"suggestion_applicability":null,"expansion":null},{"file_name":"src/lib.rs","byte_start":2918,"byte_end":2923,"line_start":116,"line_end":116,"column_start":23,"column_end":28,"is_primary":true,"text":[{"text":"        return assets.fetch(req).await;","highlight_start":23,"highlight_end":28}],"label":null,"suggested_replacement":null,"suggestion_applicability":null,"expansion":null}],"children":[{"message":"method defined here","code":null,"level":"note","spans":[{"file_name":"/Users/peterp/.cargo/registry/src/index.crates.io-1949cf8c6b5b557f/worker-0.5.0/src/fetcher.rs","byte_start":913,"byte_end":918,"line_start":29,"line_end":29,"column_start":18,"column_end":23,"is_primary":true,"text":[{"text":"    pub async fn fetch(","highlight_start":18,"highlight_end":23}],"label":null,"suggested_replacement":null,"suggestion_applicability":null,"expansion":null}],"children":[],"rendered":null},{"message":"provide the argument","code":null,"level":"help","spans":[{"file_name":"src/lib.rs","byte_start":2923,"byte_end":2928,"line_start":116,"line_end":116,"column_start":28,"column_end":33,"is_primary":true,"text":[{"text":"        return assets.fetch(req).await;","highlight_start":28,"highlight_end":33}],"label":null,"suggested_replacement":"(req, /* std::option::Option<worker::RequestInit> */)","suggestion_applicability":"HasPlaceholders","expansion":null}],"children":[],"rendered":null}],"rendered":"\u001b[1m\u001b[91merror[E0061]\u001b[0m\u001b[1m: this method takes 2 arguments but 1 argument was supplied\u001b[0m\n   \u001b[1m\u001b[94m--> \u001b[0msrc/lib.rs:116:23\n    \u001b[1m\u001b[94m|\u001b[0m\n\u001b[1m\u001b[94m116\u001b[0m \u001b[1m\u001b[94m|\u001b[0m         return assets.fetch(req).await;\n    \u001b[1m\u001b[94m|\u001b[0m                       \u001b[1m\u001b[91m^^^^^\u001b[0m\u001b[1m\u001b[94m-----\u001b[0m \u001b[1m\u001b[94margument #2 of type `std::option::Option<worker::RequestInit>` is missing\u001b[0m\n    \u001b[1m\u001b[94m|\u001b[0m\n\u001b[1m\u001b[92mnote\u001b[0m: method defined here\n   \u001b[1m\u001b[94m--> \u001b[0m/Users/peterp/.cargo/registry/src/index.crates.io-1949cf8c6b5b557f/worker-0.5.0/src/fetcher.rs:29:18\n    \u001b[1m\u001b[94m|\u001b[0m\n \u001b[1m\u001b[94m29\u001b[0m \u001b[1m\u001b[94m|\u001b[0m     pub async fn fetch(\n    \u001b[1m\u001b[94m|\u001b[0m                  \u001b[1m\u001b[92m^^^^^\u001b[0m\n\u001b[1m\u001b[96mhelp\u001b[0m: provide the argument\n    \u001b[1m\u001b[94m|\u001b[0m\n\u001b[1m\u001b[94m116\u001b[0m \u001b[1m\u001b[94m| \u001b[0m        return assets.fetch(req\u001b[92m, /* std::option::Option<worker::RequestInit> */\u001b[0m).await;\n    \u001b[1m\u001b[94m|\u001b[0m                                \u001b[92m++++++++++++++++++++++++++++++++++++++++++++++++\u001b[0m\n\n"}
{"$message_type":"diagnostic","message":"the trait bound `std::string::String: From<worker::Request>` is not satisfied","code":{"code":"E0277","explanation":"You tried to use a type which doesn't implement some trait in a place which\nexpected that trait.\n\nErroneous code example:\n\n```compile_fail,E0277\n// here we declare the Foo trait with a bar method\ntrait Foo {\n    fn bar(&self);\n}\n\n// we now declare a function which takes an object implementing the Foo trait\nfn some_func<T: Foo>(foo: T) {\n    foo.bar();\n}\n\nfn main() {\n    // we now call the method with the i32 type, which doesn't implement\n    // the Foo trait\n    some_func(5i32); // error: the trait bound `i32 : Foo` is not satisfied\n}\n```\n\nIn order to fix this error, verify that the type you're using does implement\nthe trait. Example:\n\n```\ntrait Foo {\n    fn bar(&self);\n}\n\n// we implement the trait on the i32 type\nimpl Foo for i32 {\n    fn bar(&self) {}\n}\n\nfn some_func<T: Foo>(foo: T) {\n    foo.bar(); // we can now use this method since i32 implements the\n               // Foo trait\n}\n\nfn main() {\n    some_func(5i32); // ok!\n}\n```\n\nOr in a generic context, an erroneous code example would look like:\n\n```compile_fail,E0277\nfn some_func<T>(foo: T) {\n    println!(\"{:?}\", foo); // error: the trait `core::fmt::Debug` is not\n                           //        implemented for the type `T`\n}\n\nfn main() {\n    // We now call the method with the i32 type,\n    // which *does* implement the Debug trait.\n    some_func(5i32);\n}\n```\n\nNote that the error here is in the definition of the generic function. Although\nwe only call it with a parameter that does implement `Debug`, the compiler\nstill rejects the function. It must work with all possible input types. In\norder to make this example compile, we need to restrict the generic type we're\naccepting:\n\n```\nuse std::fmt;\n\n// Restrict the input type to types that implement Debug.\nfn some_func<T: fmt::Debug>(foo: T) {\n    println!(\"{:?}\", foo);\n}\n\nfn main() {\n    // Calling the method is still fine, as i32 implements Debug.\n    some_func(5i32);\n\n    // This would fail to compile now:\n    // struct WithoutDebug;\n    // some_func(WithoutDebug);\n}\n```\n\nRust only looks at the signature of the called function, as such it must\nalready specify all requirements that will be used for every type parameter.\n"},"level":"error","spans":[{"file_name":"src/lib.rs","byte_start":2911,"byte_end":2928,"line_start":116,"line_end":116,"column_start":16,"column_end":33,"is_primary":true,"text":[{"text":"        return assets.fetch(req).await;","highlight_start":16,"highlight_end":33}],"label":"the trait `From<worker::Request>` is not implemented for `std::string::String`","suggested_replacement":null,"suggestion_applicability":null,"expansion":null}],"children":[{"message":"the following other types implement trait `From<T>`:\n  `std::string::String` implements `From<&JsString>`\n  `std::string::String` implements `From<&mut str>`\n  `std::string::String` implements `From<&std::string::String>`\n  `std::string::String` implements `From<&str>`\n  `std::string::String` implements `From<Box<str>>`\n  `std::string::String` implements `From<Cow<'_, str>>`\n  `std::string::String` implements `From<JsString>`\n  `std::string::String` implements `From<char>`\nand 2 others","code":null,"level":"help","spans":[],"children":[],"rendered":null},{"message":"required for `worker::Request` to implement `Into<std::string::String>`","code":null,"level":"note","spans":[],"children":[],"rendered":null},{"message":"required by a bound in `worker::Fetcher::fetch`","code":null,"level":"note","spans":[{"file_name":"/Users/peterp/.cargo/registry/src/index.crates.io-1949cf8c6b5b557f/worker-0.5.0/src/fetcher.rs","byte_start":913,"byte_end":918,"line_start":29,"line_end":29,"column_start":18,"column_end":23,"is_primary":false,"text":[{"text":"    pub async fn fetch(","highlight_start":18,"highlight_end":23}],"label":"required by a bound in this associated function","suggested_replacement":null,"suggestion_applicability":null,"expansion":null},{"file_name":"/Users/peterp/.cargo/registry/src/index.crates.io-1949cf8c6b5b557f/worker-0.5.0/src/fetcher.rs","byte_start":953,"byte_end":965,"line_start":31,"line_end":31,"column_start":19,"column_end":31,"is_primary":true,"text":[{"text":"        url: impl Into<String>,","highlight_start":19,"highlight_end":31}],"label":"required by this bound in `Fetcher::fetch`","suggested_replacement":null,"suggestion_applicability":null,"expansion":null}],"children":[],"rendered":null}],"rendered":"\u001b[1m\u001b[91merror[E0277]\u001b[0m\u001b[1m: the trait bound `std::string::String: From<worker::Request>` is not satisfied\u001b[0m\n   \u001b[1m\u001b[94m--> \u001b[0msrc/lib.rs:116:16\n    \u001b[1m\u001b[94m|\u001b[0m\n\u001b[1m\u001b[94m116\u001b[0m \u001b[1m\u001b[94m|\u001b[0m         return assets.fetch(req).await;\n    \u001b[1m\u001b[94m|\u001b[0m                \u001b[1m\u001b[91m^^^^^^^^^^^^^^^^^\u001b[0m \u001b[1m\u001b[91mthe trait `From<worker::Request>` is not implemented for `std::string::String`\u001b[0m\n    \u001b[1m\u001b[94m|\u001b[0m\n    \u001b[1m\u001b[94m= \u001b[0m\u001b[1mhelp\u001b[0m: the following other types implement trait `From<T>`:\n              `std::string::String` implements `From<&JsString>`\n              `std::string::String` implements `From<&mut str>`\n              `std::string::String` implements `From<&std::string::String>`\n              `std::string::String` implements `From<&str>`\n              `std::string::String` implements `From<Box<str>>`\n              `std::string::String` implements `From<Cow<'_, str>>`\n              `std::string::String` implements `From<JsString>`\n              `std::string::String` implements `From<char>`\n            and 2 others\n    \u001b[1m\u001b[94m= \u001b[0m\u001b[1mnote\u001b[0m: required for `worker::Request` to implement `Into<std::string::String>`\n\u001b[1m\u001b[92mnote\u001b[0m: required by a bound in `worker::Fetcher::fetch`\n   \u001b[1m\u001b[94m--> \u001b[0m/Users/peterp/.cargo/registry/src/index.crates.io-1949cf8c6b5b557f/worker-0.5.0/src/fetcher.rs:31:19\n    \u001b[1m\u001b[94m|\u001b[0m\n \u001b[1m\u001b[94m29\u001b[0m \u001b[1m\u001b[94m|\u001b[0m     pub async fn fetch(\n    \u001b[1m\u001b[94m|\u001b[0m                  \u001b[1m\u001b[94m-----\u001b[0m \u001b[1m\u001b[94mrequired by a bound in this associated function\u001b[0m\n \u001b[1m\u001b[94m30\u001b[0m \u001b[1m\u001b[94m|\u001b[0m         &self,\n \u001b[1m\u001b[94m31\u001b[0m \u001b[1m\u001b[94m|\u001b[0m         url: impl Into<String>,\n    \u001b[1m\u001b[94m|\u001b[0m                   \u001b[1m\u001b[92m^^^^^^^^^^^^\u001b[0m \u001b[1m\u001b[92mrequired by this bound in `Fetcher::fetch`\u001b[0m\n\n"}
{"$message_type":"diagnostic","message":"the trait bound `std::string::String: From<worker::Request>` is not satisfied","code":{"code":"E0277","explanation":"You tried to use a type which doesn't implement some trait in a place which\nexpected that trait.\n\nErroneous code example:\n\n```compile_fail,E0277\n// here we declare the Foo trait with a bar method\ntrait Foo {\n    fn bar(&self);\n}\n\n// we now declare a function which takes an object implementing the Foo trait\nfn some_func<T: Foo>(foo: T) {\n    foo.bar();\n}\n\nfn main() {\n    // we now call the method with the i32 type, which doesn't implement\n    // the Foo trait\n    some_func(5i32); // error: the trait bound `i32 : Foo` is not satisfied\n}\n```\n\nIn order to fix this error, verify that the type you're using does implement\nthe trait. Example:\n\n```\ntrait Foo {\n    fn bar(&self);\n}\n\n// we implement the trait on the i32 type\nimpl Foo for i32 {\n    fn bar(&self) {}\n}\n\nfn some_func<T: Foo>(foo: T) {\n    foo.bar(); // we can now use this method since i32 implements the\n               // Foo trait\n}\n\nfn main() {\n    some_func(5i32); // ok!\n}\n```\n\nOr in a generic context, an erroneous code example would look like:\n\n```compile_fail,E0277\nfn some_func<T>(foo: T) {\n    println!(\"{:?}\", foo); // error: the trait `core::fmt::Debug` is not\n                           //        implemented for the type `T`\n}\n\nfn main() {\n    // We now call the method with the i32 type,\n    // which *does* implement the Debug trait.\n    some_func(5i32);\n}\n```\n\nNote that the error here is in the definition of the generic function. Although\nwe only call it with a parameter that does implement `Debug`, the compiler\nstill rejects the function. It must work with all possible input types. In\norder to make this example compile, we need to restrict the generic type we're\naccepting:\n\n```\nuse std::fmt;\n\n// Restrict the input type to types that implement Debug.\nfn some_func<T: fmt::Debug>(foo: T) {\n    println!(\"{:?}\", foo);\n}\n\nfn main() {\n    // Calling the method is still fine, as i32 implements Debug.\n    some_func(5i32);\n\n    // This would fail to compile now:\n    // struct WithoutDebug;\n    // some_func(WithoutDebug);\n}\n```\n\nRust only looks at the signature of the called function, as such it must\nalready specify all requirements that will be used for every type parameter.\n"},"level":"error","spans":[{"file_name":"src/lib.rs","byte_start":2929,"byte_end":2934,"line_start":116,"line_end":116,"column_start":34,"column_end":39,"is_primary":true,"text":[{"text":"        return assets.fetch(req).await;","highlight_start":34,"highlight_end":39}],"label":"the trait `From<worker::Request>` is not implemented for `std::string::String`","suggested_replacement":null,"suggestion_applicability":null,"expansion":{"span":{"file_name":"src/lib.rs","byte_start":2929,"byte_end":2934,"line_start":116,"line_end":116,"column_start":34,"column_end":39,"is_primary":false,"text":[{"text":"        return assets.fetch(req).await;","highlight_start":34,"highlight_end":39}],"label":null,"suggested_replacement":null,"suggestion_applicability":null,"expansion":null},"macro_decl_name":"desugaring of `await` expression","def_site_span":{"file_name":"src/lib.rs","byte_start":0,"byte_end":0,"line_start":1,"line_end":1,"column_start":1,"column_end":1,"is_primary":false,"text":[],"label":null,"suggested_replacement":null,"suggestion_applicability":null,"expansion":null}}}],"children":[{"message":"the following other types implement trait `From<T>`:\n  `std::string::String` implements `From<&JsString>`\n  `std::string::String` implements `From<&mut str>`\n  `std::string::String` implements `From<&std::string::String>`\n  `std::string::String` implements `From<&str>`\n  `std::string::String` implements `From<Box<str>>`\n  `std::string::String` implements `From<Cow<'_, str>>`\n  `std::string::String` implements `From<JsString>`\n  `std::string::String` implements `From<char>`\nand 2 others","code":null,"level":"help","spans":[],"children":[],"rendered":null},{"message":"required for `worker::Request` to implement `Into<std::string::String>`","code":null,"level":"note","spans":[],"children":[],"rendered":null},{"message":"required by a bound in `worker::Fetcher::fetch`","code":null,"level":"note","spans":[{"file_name":"/Users/peterp/.cargo/registry/src/index.crates.io-1949cf8c6b5b557f/worker-0.5.0/src/fetcher.rs","byte_start":913,"byte_end":918,"line_start":29,"line_end":29,"column_start":18,"column_end":23,"is_primary":false,"text":[{"text":"    pub async fn fetch(","highlight_start":18,"highlight_end":23}],"label":"required by a bound in this associated function","suggested_replacement":null,"suggestion_applicability":null,"expansion":null},{"file_name":"/Users/peterp/.cargo/registry/src/index.crates.io-1949cf8c6b5b557f/worker-0.5.0/src/fetcher.rs","byte_start":953,"byte_end":965,"line_start":31,"line_end":31,"column_start":19,"column_end":31,"is_primary":true,"text":[{"text":"        url: impl Into<String>,","highlight_start":19,"highlight_end":31}],"label":"required by this bound in `Fetcher::fetch`","suggested_replacement":null,"suggestion_applicability":null,"expansion":null}],"children":[],"rendered":null}],"rendered":"\u001b[1m\u001b[91merror[E0277]\u001b[0m\u001b[1m: the trait bound `std::string::String: From<worker::Request>` is not satisfied\u001b[0m\n   \u001b[1m\u001b[94m--> \u001b[0msrc/lib.rs:116:34\n    \u001b[1m\u001b[94m|\u001b[0m\n\u001b[1m\u001b[94m116\u001b[0m \u001b[1m\u001b[94m|\u001b[0m         return assets.fetch(req).await;\n    \u001b[1m\u001b[94m|\u001b[0m                                  \u001b[1m\u001b[91m^^^^^\u001b[0m \u001b[1m\u001b[91mthe trait `From<worker::Request>` is not implemented for `std::string::String`\u001b[0m\n    \u001b[1m\u001b[94m|\u001b[0m\n    \u001b[1m\u001b[94m= \u001b[0m\u001b[1mhelp\u001b[0m: the following other types implement trait `From<T>`:\n              `std::string::String` implements `From<&JsString>`\n              `std::string::String` implements `From<&mut str>`\n              `std::string::String` implements `From<&std::string::String>`\n              `std::string::String` implements `From<&str>`\n              `std::string::String` implements `From<Box<str>>`\n              `std::string::String` implements `From<Cow<'_, str>>`\n              `std::string::String` implements `From<JsString>`\n              `std::string::String` implements `From<char>`\n            and 2 others\n    \u001b[1m\u001b[94m= \u001b[0m\u001b[1mnote\u001b[0m: required for `worker::Request` to implement `Into<std::string::String>`\n\u001b[1m\u001b[92mnote\u001b[0m: required by a bound in `worker::Fetcher::fetch`\n   \u001b[1m\u001b[94m--> \u001b[0m/Users/peterp/.cargo/registry/src/index.crates.io-1949cf8c6b5b557f/worker-0.5.0/src/fetcher.rs:31:19\n    \u001b[1m\u001b[94m|\u001b[0m\n \u001b[1m\u001b[94m29\u001b[0m \u001b[1m\u001b[94m|\u001b[0m     pub async fn fetch(\n    \u001b[1m\u001b[94m|\u001b[0m                  \u001b[1m\u001b[94m-----\u001b[0m \u001b[1m\u001b[94mrequired by a bound in this associated function\u001b[0m\n \u001b[1m\u001b[94m30\u001b[0m \u001b[1m\u001b[94m|\u001b[0m         &self,\n \u001b[1m\u001b[94m31\u001b[0m \u001b[1m\u001b[94m|\u001b[0m         url: impl Into<String>,\n    \u001b[1m\u001b[94m|\u001b[0m                   \u001b[1m\u001b[92m^^^^^^^^^^^^\u001b[0m \u001b[1m\u001b[92mrequired by this bound in `Fetcher::fetch`\u001b[0m\n\n"}
{"$message_type":"diagnostic","message":"mismatched types","code":{"code":"E0308","explanation":"Expected type did not match the received type.\n\nErroneous code examples:\n\n```compile_fail,E0308\nfn plus_one(x: i32) -> i32 {\n    x + 1\n}\n\nplus_one(\"Not a number\");\n//       ^^^^^^^^^^^^^^ expected `i32`, found `&str`\n\nif \"Not a bool\" {\n// ^^^^^^^^^^^^ expected `bool`, found `&str`\n}\n\nlet x: f32 = \"Not a float\";\n//     ---   ^^^^^^^^^^^^^ expected `f32`, found `&str`\n//     |\n//     expected due to this\n```\n\nThis error occurs when an expression was used in a place where the compiler\nexpected an expression of a different type. It can occur in several cases, the\nmost common being when calling a function and passing an argument which has a\ndifferent type than the matching type in the function declaration.\n"},"level":"error","spans":[{"file_name":"src/lib.rs","byte_start":2984,"byte_end":3003,"line_start":122,"line_end":122,"column_start":1,"column_end":20,"is_primary":true,"text":[{"text":"#[event(scheduled)]","highlight_start":1,"highlight_end":20}],"label":"expected `()`, found `Result<(), Error>`","suggested_replacement":null,"suggestion_applicability":null,"expansion":{"span":{"file_name":"src/lib.rs","byte_start":2984,"byte_end":3003,"line_start":122,"line_end":122,"column_start":1,"column_end":20,"is_primary":false,"text":[{"text":"#[event(scheduled)]","highlight_start":1,"highlight_end":20}],"label":null,"suggested_replacement":null,"suggestion_applicability":null,"expansion":null},"macro_decl_name":"desugaring of `await` expression","def_site_span":{"file_name":"src/lib.rs","byte_start":0,"byte_end":0,"line_start":1,"line_end":1,"column_start":1,"column_end":1,"is_primary":false,"text":[],"label":null,"suggested_replacement":null,"suggestion_applicability":null,"expansion":null}}}],"children":[{"message":"expected unit type `()`\n        found enum `std::result::Result<(), worker::Error>`","code":null,"level":"note","spans":[],"children":[],"rendered":null},{"message":"consider using `Result::expect` to unwrap the `std::result::Result<(), worker::Error>` value, panicking if the value is a `Result::Err`","code":null,"level":"help","spans":[{"file_name":"src/lib.rs","byte_start":3003,"byte_end":3003,"line_start":122,"line_end":122,"column_start":20,"column_end":20,"is_primary":true,"text":[{"text":"#[event(scheduled)]","highlight_start":20,"highlight_end":20}],"label":null,"suggested_replacement":".expect(\"REASON\")","suggestion_applicability":"HasPlaceholders","expansion":{"span":{"file_name":"src/lib.rs","byte_start":2984,"byte_end":3003,"line_start":122,"line_end":122,"column_start":1,"column_end":20,"is_primary":false,"text":[{"text":"#[event(scheduled)]","highlight_start":1,"highlight_end":20}],"label":null,"suggested_replacement":null,"suggestion_applicability":null,"expansion":{"span":{"file_name":"src/lib.rs","byte_start":2984,"byte_end":3003,"line_start":122,"line_end":122,"column_start":1,"column_end":20,"is_primary":false,"text":[{"text":"#[event(scheduled)]","highlight_start":1,"highlight_end":20}],"label":null,"suggested_replacement":null,"suggestion_applicability":null,"expansion":null},"macro_decl_name":"#[event]","def_site_span":{"file_name":"/Users/peterp/.cargo/registry/src/index.crates.io-1949cf8c6b5b557f/worker-macros-0.5.0/src/lib.rs","byte_start":3053,"byte_end":3118,"line_start":68,"line_end":68,"column_start":1,"column_end":66,"is_primary":false,"text":[{"text":"pub fn event(attr: TokenStream, item: TokenStream) -> TokenStream {","highlight_start":1,"highlight_end":66}],"label":null,"suggested_replacement":null,"suggestion_applicability":null,"expansion":null}}},"macro_decl_name":"desugaring of `await` expression","def_site_span":{"file_name":"src/lib.rs","byte_start":0,"byte_end":0,"line_start":1,"line_end":1,"column_start":1,"column_end":1,"is_primary":false,"text":[],"label":null,"suggested_replacement":null,"suggestion_applicability":null,"expansion":null}}}],"children":[],"rendered":null}],"rendered":"\u001b[1m\u001b[91merror[E0308]\u001b[0m\u001b[1m: mismatched types\u001b[0m\n   \u001b[1m\u001b[94m--> \u001b[0msrc/lib.rs:122:1\n    \u001b[1m\u001b[94m|\u001b[0m\n\u001b[1m\u001b[94m122\u001b[0m \u001b[1m\u001b[94m|\u001b[0m #[event(scheduled)]\n    \u001b[1m\u001b[94m|\u001b[0m \u001b[1m\u001b[91m^^^^^^^^^^^^^^^^^^^\u001b[0m \u001b[1m\u001b[91mexpected `()`, found `Result<(), Error>`\u001b[0m\n    \u001b[1m\u001b[94m|\u001b[0m\n    \u001b[1m\u001b[94m= \u001b[0m\u001b[1mnote\u001b[0m: expected unit type `\u001b[1m\u001b[35m()\u001b[0m`\n                    found enum `\u001b[1m\u001b[35mstd::result::Result<(), worker::Error>\u001b[0m`\n\u001b[1m\u001b[96mhelp\u001b[0m: consider using `Result::expect` to unwrap the `std::result::Result<(), worker::Error>` value, panicking if the value is a `Result::Err`\n    \u001b[1m\u001b[94m|\u001b[0m\n\u001b[1m\u001b[94m122\u001b[0m \u001b[1m\u001b[94m| \u001b[0m#[event(scheduled)]\u001b[92m.expect(\"REASON\")\u001b[0m\n    \u001b[1m\u001b[94m|\u001b[0m                    \u001b[92m+++++++++++++++++\u001b[0m\n\n"}
{"$message_type":"diagnostic","message":"no method named `execute` found for enum `std::result::Result<T, E>` in the current scope","code":{"code":"E0599","explanation":"This error occurs when a method is used on a type which doesn't implement it:\n\nErroneous code example:\n\n```compile_fail,E0599\nstruct Mouth;\n\nlet x = Mouth;\nx.chocolate(); // error: no method named `chocolate` found for type `Mouth`\n               //        in the current scope\n```\n\nIn this case, you need to implement the `chocolate` method to fix the error:\n\n```\nstruct Mouth;\n\nimpl Mouth {\n    fn chocolate(&self) { // We implement the `chocolate` method here.\n        println!(\"Hmmm! I love chocolate!\");\n    }\n}\n\nlet x = Mouth;\nx.chocolate(); // ok!\n```\n"},"level":"error","spans":[{"file_name":"src/lib.rs","byte_start":6546,"byte_end":6553,"line_start":237,"line_end":237,"column_start":72,"column_end":79,"is_primary":true,"text":[{"text":"                let _ = kv.put(&key, serde_json::to_string(&payload)?).execute().await;","highlight_start":72,"highlight_end":79}],"label":"method not found in `Result<PutOptionsBuilder, KvError>`","suggested_replacement":null,"suggestion_applicability":null,"expansion":null}],"children":[{"message":"the method `execute` exists on the type `worker::worker_kv::PutOptionsBuilder`","code":null,"level":"note","spans":[{"file_name":"/Users/peterp/.cargo/registry/src/index.crates.io-1949cf8c6b5b557f/worker-kv-0.7.0/src/builder.rs","byte_start":1714,"byte_end":1763,"line_start":48,"line_end":48,"column_start":5,"column_end":54,"is_primary":true,"text":[{"text":"    pub async fn execute(self) -> Result<(), KvError> {","highlight_start":5,"highlight_end":54}],"label":null,"suggested_replacement":null,"suggestion_applicability":null,"expansion":null}],"children":[],"rendered":null},{"message":"the full name for the type has been written to '/Users/peterp/Projects/BrawlFast/worker/target/debug/deps/brawlfast_worker-0eb0b96d8ad18722.long-type-7866652744948477036.txt'","code":null,"level":"note","spans":[],"children":[],"rendered":null},{"message":"consider using `--verbose` to print the full type name to the console","code":null,"level":"note","spans":[],"children":[],"rendered":null},{"message":"use the `?` operator to extract the `worker::worker_kv::PutOptionsBuilder` value, propagating a `Result::Err` value to the caller","code":null,"level":"help","spans":[{"file_name":"src/lib.rs","byte_start":6545,"byte_end":6545,"line_start":237,"line_end":237,"column_start":71,"column_end":71,"is_primary":true,"text":[{"text":"                let _ = kv.put(&key, serde_json::to_string(&payload)?).execute().await;","highlight_start":71,"highlight_end":71}],"label":null,"suggested_replacement":"?","suggestion_applicability":"MachineApplicable","expansion":null}],"children":[],"rendered":null}],"rendered":"\u001b[1m\u001b[91merror[E0599]\u001b[0m\u001b[1m: no method named `execute` found for enum `std::result::Result<T, E>` in the current scope\u001b[0m\n   \u001b[1m\u001b[94m--> \u001b[0msrc/lib.rs:237:72\n    \u001b[1m\u001b[94m|\u001b[0m\n\u001b[1m\u001b[94m237\u001b[0m \u001b[1m\u001b[94m|\u001b[0m \u001b[1m\u001b[94m...\u001b[0mn::to_string(&payload)?).execute().await;\n    \u001b[1m\u001b[94m|\u001b[0m                             \u001b[1m\u001b[91m^^^^^^^\u001b[0m \u001b[1m\u001b[91mmethod not found in `Result<PutOptionsBuilder, KvError>`\u001b[0m\n    \u001b[1m\u001b[94m|\u001b[0m\n\u001b[1m\u001b[92mnote\u001b[0m: the method `execute` exists on the type `worker::worker_kv::PutOptionsBuilder`\n   \u001b[1m\u001b[94m--> \u001b[0m/Users/peterp/.cargo/registry/src/index.crates.io-1949cf8c6b5b557f/worker-kv-0.7.0/src/builder.rs:48:5\n    \u001b[1m\u001b[94m|\u001b[0m\n \u001b[1m\u001b[94m48\u001b[0m \u001b[1m\u001b[94m|\u001b[0m     pub async fn execute(self) -> Result<(), KvError> {\n    \u001b[1m\u001b[94m|\u001b[0m     \u001b[1m\u001b[92m^^^^^^^^^^^^^^^^^^^^^^^^^^^^^^^^^^^^^^^^^^^^^^^^^\u001b[0m\n    \u001b[1m\u001b[94m= \u001b[0m\u001b[1mnote\u001b[0m: the full name for the type has been written to '/Users/peterp/Projects/BrawlFast/worker/target/debug/deps/brawlfast_worker-0eb0b96d8ad18722.long-type-7866652744948477036.txt'\n    \u001b[1m\u001b[94m= \u001b[0m\u001b[1mnote\u001b[0m: consider using `--verbose` to print the full type name to the console\n\u001b[1m\u001b[96mhelp\u001b[0m: use the `?` operator to extract the `worker::worker_kv::PutOptionsBuilder` value, propagating a `Result::Err` value to the caller\n    \u001b[1m\u001b[94m|\u001b[0m\n\u001b[1m\u001b[94m237\u001b[0m \u001b[1m\u001b[94m| \u001b[0m                let _ = kv.put(&key, serde_json::to_string(&payload)?)\u001b[92m?\u001b[0m.execute().await;\n    \u001b[1m\u001b[94m|\u001b[0m                                                                       \u001b[92m+\u001b[0m\n\n"}
{"$message_type":"diagnostic","message":"no method named `execute` found for enum `std::result::Result<T, E>` in the current scope","code":{"code":"E0599","explanation":"This error occurs when a method is used on a type which doesn't implement it:\n\nErroneous code example:\n\n```compile_fail,E0599\nstruct Mouth;\n\nlet x = Mouth;\nx.chocolate(); // error: no method named `chocolate` found for type `Mouth`\n               //        in the current scope\n```\n\nIn this case, you need to implement the `chocolate` method to fix the error:\n\n```\nstruct Mouth;\n\nimpl Mouth {\n    fn chocolate(&self) { // We implement the `chocolate` method here.\n        println!(\"Hmmm! I love chocolate!\");\n    }\n}\n\nlet x = Mouth;\nx.chocolate(); // ok!\n```\n"},"level":"error","spans":[{"file_name":"src/lib.rs","byte_start":8853,"byte_end":8860,"line_start":300,"line_end":300,"column_start":72,"column_end":79,"is_primary":true,"text":[{"text":"                let _ = kv.put(&key, serde_json::to_string(&payload)?).execute().await;","highlight_start":72,"highlight_end":79}],"label":"method not found in `Result<PutOptionsBuilder, KvError>`","suggested_replacement":null,"suggestion_applicability":null,"expansion":null}],"children":[{"message":"the method `execute` exists on the type `worker::worker_kv::PutOptionsBuilder`","code":null,"level":"note","spans":[{"file_name":"/Users/peterp/.cargo/registry/src/index.crates.io-1949cf8c6b5b557f/worker-kv-0.7.0/src/builder.rs","byte_start":1714,"byte_end":1763,"line_start":48,"line_end":48,"column_start":5,"column_end":54,"is_primary":true,"text":[{"text":"    pub async fn execute(self) -> Result<(), KvError> {","highlight_start":5,"highlight_end":54}],"label":null,"suggested_replacement":null,"suggestion_applicability":null,"expansion":null}],"children":[],"rendered":null},{"message":"the full name for the type has been written to '/Users/peterp/Projects/BrawlFast/worker/target/debug/deps/brawlfast_worker-0eb0b96d8ad18722.long-type-7866652744948477036.txt'","code":null,"level":"note","spans":[],"children":[],"rendered":null},{"message":"consider using `--verbose` to print the full type name to the console","code":null,"level":"note","spans":[],"children":[],"rendered":null},{"message":"use the `?` operator to extract the `worker::worker_kv::PutOptionsBuilder` value, propagating a `Result::Err` value to the caller","code":null,"level":"help","spans":[{"file_name":"src/lib.rs","byte_start":8852,"byte_end":8852,"line_start":300,"line_end":300,"column_start":71,"column_end":71,"is_primary":true,"text":[{"text":"                let _ = kv.put(&key, serde_json::to_string(&payload)?).execute().await;","highlight_start":71,"highlight_end":71}],"label":null,"suggested_replacement":"?","suggestion_applicability":"MachineApplicable","expansion":null}],"children":[],"rendered":null}],"rendered":"\u001b[1m\u001b[91merror[E0599]\u001b[0m\u001b[1m: no method named `execute` found for enum `std::result::Result<T, E>` in the current scope\u001b[0m\n   \u001b[1m\u001b[94m--> \u001b[0msrc/lib.rs:300:72\n    \u001b[1m\u001b[94m|\u001b[0m\n\u001b[1m\u001b[94m300\u001b[0m \u001b[1m\u001b[94m|\u001b[0m \u001b[1m\u001b[94m...\u001b[0mn::to_string(&payload)?).execute().await;\n    \u001b[1m\u001b[94m|\u001b[0m                             \u001b[1m\u001b[91m^^^^^^^\u001b[0m \u001b[1m\u001b[91mmethod not found in `Result<PutOptionsBuilder, KvError>`\u001b[0m\n    \u001b[1m\u001b[94m|\u001b[0m\n\u001b[1m\u001b[92mnote\u001b[0m: the method `execute` exists on the type `worker::worker_kv::PutOptionsBuilder`\n   \u001b[1m\u001b[94m--> \u001b[0m/Users/peterp/.cargo/registry/src/index.crates.io-1949cf8c6b5b557f/worker-kv-0.7.0/src/builder.rs:48:5\n    \u001b[1m\u001b[94m|\u001b[0m\n \u001b[1m\u001b[94m48\u001b[0m \u001b[1m\u001b[94m|\u001b[0m     pub async fn execute(self) -> Result<(), KvError> {\n    \u001b[1m\u001b[94m|\u001b[0m     \u001b[1m\u001b[92m^^^^^^^^^^^^^^^^^^^^^^^^^^^^^^^^^^^^^^^^^^^^^^^^^\u001b[0m\n    \u001b[1m\u001b[94m= \u001b[0m\u001b[1mnote\u001b[0m: the full name for the type has been written to '/Users/peterp/Projects/BrawlFast/worker/target/debug/deps/brawlfast_worker-0eb0b96d8ad18722.long-type-7866652744948477036.txt'\n    \u001b[1m\u001b[94m= \u001b[0m\u001b[1mnote\u001b[0m: consider using `--verbose` to print the full type name to the console\n\u001b[1m\u001b[96mhelp\u001b[0m: use the `?` operator to extract the `worker::worker_kv::PutOptionsBuilder` value, propagating a `Result::Err` value to the caller\n    \u001b[1m\u001b[94m|\u001b[0m\n\u001b[1m\u001b[94m300\u001b[0m \u001b[1m\u001b[94m| \u001b[0m                let _ = kv.put(&key, serde_json::to_string(&payload)?)\u001b[92m?\u001b[0m.execute().await;\n    \u001b[1m\u001b[94m|\u001b[0m                                                                       \u001b[92m+\u001b[0m\n\n"}
{"$message_type":"diagnostic","message":"failed to resolve: use of undeclared type `Redirect`","code":{"code":"E0433","explanation":"An undeclared crate, module, or type was used.\n\nErroneous code example:\n\n```compile_fail,E0433\nlet map = HashMap::new();\n// error: failed to resolve: use of undeclared type `HashMap`\n```\n\nPlease verify you didn't misspell the type/module's name or that you didn't\nforget to import it:\n\n```\nuse std::collections::HashMap; // HashMap has been imported.\nlet map: HashMap<u32, u32> = HashMap::new(); // So it can be used!\n```\n\nIf you've expected to use a crate name:\n\n```compile_fail\nuse ferris_wheel::BigO;\n// error: failed to resolve: use of undeclared module or unlinked crate\n```\n\nMake sure the crate has been added as a dependency in `Cargo.toml`.\n\nTo use a module from your current crate, add the `crate::` prefix to the path.\n"},"level":"error","spans":[{"file_name":"src/lib.rs","byte_start":11052,"byte_end":11060,"line_start":379,"line_end":379,"column_start":24,"column_end":32,"is_primary":true,"text":[{"text":"    init.with_redirect(Redirect::Follow);","highlight_start":24,"highlight_end":32}],"label":"use of undeclared type `Redirect`","suggested_replacement":null,"suggestion_applicability":null,"expansion":null}],"children":[],"rendered":"\u001b[1m\u001b[91merror[E0433]\u001b[0m\u001b[1m: failed to resolve: use of undeclared type `Redirect`\u001b[0m\n   \u001b[1m\u001b[94m--> \u001b[0msrc/lib.rs:379:24\n    \u001b[1m\u001b[94m|\u001b[0m\n\u001b[1m\u001b[94m379\u001b[0m \u001b[1m\u001b[94m|\u001b[0m     init.with_redirect(Redirect::Follow);\n    \u001b[1m\u001b[94m|\u001b[0m                        \u001b[1m\u001b[91m^^^^^^^^\u001b[0m \u001b[1m\u001b[91muse of undeclared type `Redirect`\u001b[0m\n\n"}
{"$message_type":"diagnostic","message":"no method named `with_signal` found for struct `worker::RequestInit` in the current scope","code":{"code":"E0599","explanation":"This error occurs when a method is used on a type which doesn't implement it:\n\nErroneous code example:\n\n```compile_fail,E0599\nstruct Mouth;\n\nlet x = Mouth;\nx.chocolate(); // error: no method named `chocolate` found for type `Mouth`\n               //        in the current scope\n```\n\nIn this case, you need to implement the `chocolate` method to fix the error:\n\n```\nstruct Mouth;\n\nimpl Mouth {\n    fn chocolate(&self) { // We implement the `chocolate` method here.\n        println!(\"Hmmm! I love chocolate!\");\n    }\n}\n\nlet x = Mouth;\nx.chocolate(); // ok!\n```\n"},"level":"error","spans":[{"file_name":"src/lib.rs","byte_start":11199,"byte_end":11210,"line_start":384,"line_end":384,"column_start":10,"column_end":21,"is_primary":true,"text":[{"text":"    init.with_signal(Some(AbortController::new()?.signal()));","highlight_start":10,"highlight_end":21}],"label":"method not found in `worker::RequestInit`","suggested_replacement":null,"suggestion_applicability":null,"expansion":null}],"children":[],"rendered":"\u001b[1m\u001b[91merror[E0599]\u001b[0m\u001b[1m: no method named `with_signal` found for struct `worker::RequestInit` in the current scope\u001b[0m\n   \u001b[1m\u001b[94m--> \u001b[0msrc/lib.rs:384:10\n    \u001b[1m\u001b[94m|\u001b[0m\n\u001b[1m\u001b[94m384\u001b[0m \u001b[1m\u001b[94m|\u001b[0m     init.with_signal(Some(AbortController::new()?.signal()));\n    \u001b[1m\u001b[94m|\u001b[0m          \u001b[1m\u001b[91m^^^^^^^^^^^\u001b[0m \u001b[1m\u001b[91mmethod not found in `worker::RequestInit`\u001b[0m\n\n"}
{"$message_type":"diagnostic","message":"no function or associated item named `new` found for struct `worker::AbortController` in the current scope","code":{"code":"E0599","explanation":"This error occurs when a method is used on a type which doesn't implement it:\n\nErroneous code example:\n\n```compile_fail,E0599\nstruct Mouth;\n\nlet x = Mouth;\nx.chocolate(); // error: no method named `chocolate` found for type `Mouth`\n               //        in the current scope\n```\n\nIn this case, you need to implement the `chocolate` method to fix the error:\n\n```\nstruct Mouth;\n\nimpl Mouth {\n    fn chocolate(&self) { // We implement the `chocolate` method here.\n        println!(\"Hmmm! I love chocolate!\");\n    }\n}\n\nlet x = Mouth;\nx.chocolate(); // ok!\n```\n"},"level":"error","spans":[{"file_name":"src/lib.rs","byte_start":11233,"byte_end":11236,"line_start":384,"line_end":384,"column_start":44,"column_end":47,"is_primary":true,"text":[{"text":"    init.with_signal(Some(AbortController::new()?.signal()));","highlight_start":44,"highlight_end":47}],"label":"function or associated item not found in `worker::AbortController`","suggested_replacement":null,"suggestion_applicability":null,"expansion":null}],"children":[],"rendered":"\u001b[1m\u001b[91merror[E0599]\u001b[0m\u001b[1m: no function or associated item named `new` found for struct `worker::AbortController` in the current scope\u001b[0m\n   \u001b[1m\u001b[94m--> \u001b[0msrc/lib.rs:384:44\n    \u001b[1m\u001b[94m|\u001b[0m\n\u001b[1m\u001b[94m384\u001b[0m \u001b[1m\u001b[94m|\u001b[0m     init.with_signal(Some(AbortController::new()?.signal()));\n    \u001b[1m\u001b[94m|\u001b[0m                                            \u001b[1m\u001b[91m^^^\u001b[0m \u001b[1m\u001b[91mfunction or associated item not found in `worker::AbortController`\u001b[0m\n\n"}
{"$message_type":"diagnostic","message":"no method named `ok` found for struct `worker::Response` in the current scope","code":{"code":"E0599","explanation":"This error occurs when a method is used on a type which doesn't implement it:\n\nErroneous code example:\n\n```compile_fail,E0599\nstruct Mouth;\n\nlet x = Mouth;\nx.chocolate(); // error: no method named `chocolate` found for type `Mouth`\n               //        in the current scope\n```\n\nIn this case, you need to implement the `chocolate` method to fix the error:\n\n```\nstruct Mouth;\n\nimpl Mouth {\n    fn chocolate(&self) { // We implement the `chocolate` method here.\n        println!(\"Hmmm! I love chocolate!\");\n    }\n}\n\nlet x = Mouth;\nx.chocolate(); // ok!\n```\n"},"level":"error","spans":[{"file_name":"src/lib.rs","byte_start":11378,"byte_end":11380,"line_start":389,"line_end":389,"column_start":14,"column_end":16,"is_primary":true,"text":[{"text":"    if !resp.ok() {","highlight_start":14,"highlight_end":16}],"label":"this is an associated function, not a method","suggested_replacement":null,"suggestion_applicability":null,"expansion":null}],"children":[{"message":"found the following associated functions; to be used as methods, functions must have a `self` parameter","code":null,"level":"note","spans":[],"children":[],"rendered":null},{"message":"the candidate is defined in an impl for the type `worker::Response`","code":null,"level":"note","spans":[],"children":[],"rendered":null},{"message":"use associated function syntax instead","code":null,"level":"help","spans":[{"file_name":"src/lib.rs","byte_start":11373,"byte_end":11382,"line_start":389,"line_end":389,"column_start":9,"column_end":18,"is_primary":true,"text":[{"text":"    if !resp.ok() {","highlight_start":9,"highlight_end":18}],"label":null,"suggested_replacement":"worker::Response::ok()","suggestion_applicability":"MachineApplicable","expansion":null}],"children":[],"rendered":null}],"rendered":"\u001b[1m\u001b[91merror[E0599]\u001b[0m\u001b[1m: no method named `ok` found for struct `worker::Response` in the current scope\u001b[0m\n   \u001b[1m\u001b[94m--> \u001b[0msrc/lib.rs:389:14\n    \u001b[1m\u001b[94m|\u001b[0m\n\u001b[1m\u001b[94m389\u001b[0m \u001b[1m\u001b[94m|\u001b[0m     if !resp.ok() {\n    \u001b[1m\u001b[94m|\u001b[0m         \u001b[1m\u001b[94m-----\u001b[0m\u001b[1m\u001b[91m^^\u001b[0m\u001b[1m\u001b[94m--\u001b[0m\n    \u001b[1m\u001b[94m|\u001b[0m         \u001b[1m\u001b[94m|\u001b[0m    \u001b[1m\u001b[91m|\u001b[0m\n    \u001b[1m\u001b[94m|\u001b[0m         \u001b[1m\u001b[94m|\u001b[0m    \u001b[1m\u001b[91mthis is an associated function, not a method\u001b[0m\n    \u001b[1m\u001b[94m|\u001b[0m         \u001b[1m\u001b[94mhelp: use associated function syntax instead: `worker::Response::ok()`\u001b[0m\n    \u001b[1m\u001b[94m|\u001b[0m\n    \u001b[1m\u001b[94m= \u001b[0m\u001b[1mnote\u001b[0m: found the following associated functions; to be used as methods, functions must have a `self` parameter\n    \u001b[1m\u001b[94m= \u001b[0m\u001b[1mnote\u001b[0m: the candidate is defined in an impl for the type `worker::Response`\n\n"}
{"$message_type":"diagnostic","message":"no method named `execute` found for enum `std::result::Result<T, E>` in the current scope","code":{"code":"E0599","explanation":"This error occurs when a method is used on a type which doesn't implement it:\n\nErroneous code example:\n\n```compile_fail,E0599\nstruct Mouth;\n\nlet x = Mouth;\nx.chocolate(); // error: no method named `chocolate` found for type `Mouth`\n               //        in the current scope\n```\n\nIn this case, you need to implement the `chocolate` method to fix the error:\n\n```\nstruct Mouth;\n\nimpl Mouth {\n    fn chocolate(&self) { // We implement the `chocolate` method here.\n        println!(\"Hmmm! I love chocolate!\");\n    }\n}\n\nlet x = Mouth;\nx.chocolate(); // ok!\n```\n"},"level":"error","spans":[{"file_name":"src/lib.rs","byte_start":15078,"byte_end":15142,"line_start":517,"line_end":518,"column_start":5,"column_end":10,"is_primary":false,"text":[{"text":"    kv.put(KV_MAPS_CATALOG, serde_json::to_string(&maps)?)","highlight_start":5,"highlight_end":59},{"text":"        .execute()","highlight_start":1,"highlight_end":10}],"label":"","suggested_replacement":null,"suggestion_applicability":null,"expansion":null},{"file_name":"src/lib.rs","byte_start":15142,"byte_end":15149,"line_start":518,"line_end":518,"column_start":10,"column_end":17,"is_primary":true,"text":[{"text":"        .execute()","highlight_start":10,"highlight_end":17}],"label":"method not found in `Result<PutOptionsBuilder, KvError>`","suggested_replacement":null,"suggestion_applicability":null,"expansion":null}],"children":[{"message":"the method `execute` exists on the type `worker::worker_kv::PutOptionsBuilder`","code":null,"level":"note","spans":[{"file_name":"/Users/peterp/.cargo/registry/src/index.crates.io-1949cf8c6b5b557f/worker-kv-0.7.0/src/builder.rs","byte_start":1714,"byte_end":1763,"line_start":48,"line_end":48,"column_start":5,"column_end":54,"is_primary":true,"text":[{"text":"    pub async fn execute(self) -> Result<(), KvError> {","highlight_start":5,"highlight_end":54}],"label":null,"suggested_replacement":null,"suggestion_applicability":null,"expansion":null}],"children":[],"rendered":null},{"message":"the full name for the type has been written to '/Users/peterp/Projects/BrawlFast/worker/target/debug/deps/brawlfast_worker-0eb0b96d8ad18722.long-type-7866652744948477036.txt'","code":null,"level":"note","spans":[],"children":[],"rendered":null},{"message":"consider using `--verbose` to print the full type name to the console","code":null,"level":"note","spans":[],"children":[],"rendered":null},{"message":"use the `?` operator to extract the `worker::worker_kv::PutOptionsBuilder` value, propagating a `Result::Err` value to the caller","code":null,"level":"help","spans":[{"file_name":"src/lib.rs","byte_start":15132,"byte_end":15132,"line_start":517,"line_end":517,"column_start":59,"column_end":59,"is_primary":true,"text":[{"text":"    kv.put(KV_MAPS_CATALOG, serde_json::to_string(&maps)?)","highlight_start":59,"highlight_end":59}],"label":null,"suggested_replacement":"?","suggestion_applicability":"MachineApplicable","expansion":null}],"children":[],"rendered":null}],"rendered":"\u001b[1m\u001b[91merror[E0599]\u001b[0m\u001b[1m: no method named `execute` found for enum `std::result::Result<T, E>` in the current scope\u001b[0m\n   \u001b[1m\u001b[94m--> \u001b[0msrc/lib.rs:518:10\n    \u001b[1m\u001b[94m|\u001b[0m\n\u001b[1m\u001b[94m517\u001b[0m \u001b[1m\u001b[94m|\u001b[0m \u001b[1m\u001b[94m/\u001b[0m     kv.put(KV_MAPS_CATALOG, serde_json::to_string(&maps)?)\n\u001b[1m\u001b[94m518\u001b[0m \u001b[1m\u001b[94m|\u001b[0m \u001b[1m\u001b[94m|\u001b[0m         .execute()\n    \u001b[1m\u001b[94m|\u001b[0m \u001b[1m\u001b[94m|\u001b[0m         \u001b[1m\u001b[94m-\u001b[0m\u001b[1m\u001b[91m^^^^^^^\u001b[0m \u001b[1m\u001b[91mmethod not found in `Result<PutOptionsBuilder, KvError>`\u001b[0m\n    \u001b[1m\u001b[94m|\u001b[0m \u001b[1m\u001b[94m|_________|\u001b[0m\n    \u001b[1m\u001b[94m|\u001b[0m\n    \u001b[1m\u001b[94m|\u001b[0m\n\u001b[1m\u001b[92mnote\u001b[0m: the method `execute` exists on the type `worker::worker_kv::PutOptionsBuilder`\n   \u001b[1m\u001b[94m--> \u001b[0m/Users/peterp/.cargo/registry/src/index.crates.io-1949cf8c6b5b557f/worker-kv-0.7.0/src/builder.rs:48:5\n    \u001b[1m\u001b[94m|\u001b[0m\n \u001b[1m\u001b[94m48\u001b[0m \u001b[1m\u001b[94m|\u001b[0m     pub async fn execute(self) -> Result<(), KvError> {\n    \u001b[1m\u001b[94m|\u001b[0m     \u001b[1m\u001b[92m^^^^^^^^^^^^^^^^^^^^^^^^^^^^^^^^^^^^^^^^^^^^^^^^^\u001b[0m\n    \u001b[1m\u001b[94m= \u001b[0m\u001b[1mnote\u001b[0m: the full name for the type has been written to '/Users/peterp/Projects/BrawlFast/worker/target/debug/deps/brawlfast_worker-0eb0b96d8ad18722.long-type-7866652744948477036.txt'\n    \u001b[1m\u001b[94m= \u001b[0m\u001b[1mnote\u001b[0m: consider using `--verbose` to print the full type name to the console\n\u001b[1m\u001b[96mhelp\u001b[0m: use the `?` operator to extract the `worker::worker_kv::PutOptionsBuilder` value, propagating a `Result::Err` value to the caller\n    \u001b[1m\u001b[94m|\u001b[0m\n\u001b[1m\u001b[94m517\u001b[0m \u001b[1m\u001b[94m| \u001b[0m    kv.put(KV_MAPS_CATALOG, serde_json::to_string(&maps)?)\u001b[92m?\u001b[0m\n    \u001b[1m\u001b[94m|\u001b[0m                                                           \u001b[92m+\u001b[0m\n\n"}
{"$message_type":"diagnostic","message":"no method named `execute` found for enum `std::result::Result<T, E>` in the current scope","code":{"code":"E0599","explanation":"This error occurs when a method is used on a type which doesn't implement it:\n\nErroneous code example:\n\n```compile_fail,E0599\nstruct Mouth;\n\nlet x = Mouth;\nx.chocolate(); // error: no method named `chocolate` found for type `Mouth`\n               //        in the current scope\n```\n\nIn this case, you need to implement the `chocolate` method to fix the error:\n\n```\nstruct Mouth;\n\nimpl Mouth {\n    fn chocolate(&self) { // We implement the `chocolate` method here.\n        println!(\"Hmmm! I love chocolate!\");\n    }\n}\n\nlet x = Mouth;\nx.chocolate(); // ok!\n```\n"},"level":"error","spans":[{"file_name":"src/lib.rs","byte_start":15173,"byte_end":15245,"line_start":520,"line_end":521,"column_start":5,"column_end":10,"is_primary":false,"text":[{"text":"    kv.put(KV_BRAWLERS_CATALOG, serde_json::to_string(&brawlers)?)","highlight_start":5,"highlight_end":67},{"text":"        .execute()","highlight_start":1,"highlight_end":10}],"label":"","suggested_replacement":null,"suggestion_applicability":null,"expansion":null},{"file_name":"src/lib.rs","byte_start":15245,"byte_end":15252,"line_start":521,"line_end":521,"column_start":10,"column_end":17,"is_primary":true,"text":[{"text":"        .execute()","highlight_start":10,"highlight_end":17}],"label":"method not found in `Result<PutOptionsBuilder, KvError>`","suggested_replacement":null,"suggestion_applicability":null,"expansion":null}],"children":[{"message":"the method `execute` exists on the type `worker::worker_kv::PutOptionsBuilder`","code":null,"level":"note","spans":[{"file_name":"/Users/peterp/.cargo/registry/src/index.crates.io-1949cf8c6b5b557f/worker-kv-0.7.0/src/builder.rs","byte_start":1714,"byte_end":1763,"line_start":48,"line_end":48,"column_start":5,"column_end":54,"is_primary":true,"text":[{"text":"    pub async fn execute(self) -> Result<(), KvError> {","highlight_start":5,"highlight_end":54}],"label":null,"suggested_replacement":null,"suggestion_applicability":null,"expansion":null}],"children":[],"rendered":null},{"message":"the full name for the type has been written to '/Users/peterp/Projects/BrawlFast/worker/target/debug/deps/brawlfast_worker-0eb0b96d8ad18722.long-type-7866652744948477036.txt'","code":null,"level":"note","spans":[],"children":[],"rendered":null},{"message":"consider using `--verbose` to print the full type name to the console","code":null,"level":"note","spans":[],"children":[],"rendered":null},{"message":"use the `?` operator to extract the `worker::worker_kv::PutOptionsBuilder` value, propagating a `Result::Err` value to the caller","code":null,"level":"help","spans":[{"file_name":"src/lib.rs","byte_start":15235,"byte_end":15235,"line_start":520,"line_end":520,"column_start":67,"column_end":67,"is_primary":true,"text":[{"text":"    kv.put(KV_BRAWLERS_CATALOG, serde_json::to_string(&brawlers)?)","highlight_start":67,"highlight_end":67}],"label":null,"suggested_replacement":"?","suggestion_applicability":"MachineApplicable","expansion":null}],"children":[],"rendered":null}],"rendered":"\u001b[1m\u001b[91merror[E0599]\u001b[0m\u001b[1m: no method named `execute` found for enum `std::result::Result<T, E>` in the current scope\u001b[0m\n   \u001b[1m\u001b[94m--> \u001b[0msrc/lib.rs:521:10\n    \u001b[1m\u001b[94m|\u001b[0m\n\u001b[1m\u001b[94m520\u001b[0m \u001b[1m\u001b[94m|\u001b[0m \u001b[1m\u001b[94m/\u001b[0m     kv.put(KV_BRAWLERS_CATALOG, serde_json::to_string(&brawlers)?)\n\u001b[1m\u001b[94m521\u001b[0m \u001b[1m\u001b[94m|\u001b[0m \u001b[1m\u001b[94m|\u001b[0m         .execute()\n    \u001b[1m\u001b[94m|\u001b[0m \u001b[1m\u001b[94m|\u001b[0m         \u001b[1m\u001b[94m-\u001b[0m\u001b[1m\u001b[91m^^^^^^^\u001b[0m \u001b[1m\u001b[91mmethod not found in `Result<PutOptionsBuilder, KvError>`\u001b[0m\n    \u001b[1m\u001b[94m|\u001b[0m \u001b[1m\u001b[94m|_________|\u001b[0m\n    \u001b[1m\u001b[94m|\u001b[0m\n    \u001b[1m\u001b[94m|\u001b[0m\n\u001b[1m\u001b[92mnote\u001b[0m: the method `execute` exists on the type `worker::worker_kv::PutOptionsBuilder`\n   \u001b[1m\u001b[94m--> \u001b[0m/Users/peterp/.cargo/registry/src/index.crates.io-1949cf8c6b5b557f/worker-kv-0.7.0/src/builder.rs:48:5\n    \u001b[1m\u001b[94m|\u001b[0m\n \u001b[1m\u001b[94m48\u001b[0m \u001b[1m\u001b[94m|\u001b[0m     pub async fn execute(self) -> Result<(), KvError> {\n    \u001b[1m\u001b[94m|\u001b[0m     \u001b[1m\u001b[92m^^^^^^^^^^^^^^^^^^^^^^^^^^^^^^^^^^^^^^^^^^^^^^^^^\u001b[0m\n    \u001b[1m\u001b[94m= \u001b[0m\u001b[1mnote\u001b[0m: the full name for the type has been written to '/Users/peterp/Projects/BrawlFast/worker/target/debug/deps/brawlfast_worker-0eb0b96d8ad18722.long-type-7866652744948477036.txt'\n    \u001b[1m\u001b[94m= \u001b[0m\u001b[1mnote\u001b[0m: consider using `--verbose` to print the full type name to the console\n\u001b[1m\u001b[96mhelp\u001b[0m: use the `?` operator to extract the `worker::worker_kv::PutOptionsBuilder` value, propagating a `Result::Err` value to the caller\n    \u001b[1m\u001b[94m|\u001b[0m\n\u001b[1m\u001b[94m520\u001b[0m \u001b[1m\u001b[94m| \u001b[0m    kv.put(KV_BRAWLERS_CATALOG, serde_json::to_string(&brawlers)?)\u001b[92m?\u001b[0m\n    \u001b[1m\u001b[94m|\u001b[0m                                                                   \u001b[92m+\u001b[0m\n\n"}
{"$message_type":"diagnostic","message":"no method named `execute` found for enum `std::result::Result<T, E>` in the current scope","code":{"code":"E0599","explanation":"This error occurs when a method is used on a type which doesn't implement it:\n\nErroneous code example:\n\n```compile_fail,E0599\nstruct Mouth;\n\nlet x = Mouth;\nx.chocolate(); // error: no method named `chocolate` found for type `Mouth`\n               //        in the current scope\n```\n\nIn this case, you need to implement the `chocolate` method to fix the error:\n\n```\nstruct Mouth;\n\nimpl Mouth {\n    fn chocolate(&self) { // We implement the `chocolate` method here.\n        println!(\"Hmmm! I love chocolate!\");\n    }\n}\n\nlet x = Mouth;\nx.chocolate(); // ok!\n```\n"},"level":"error","spans":[{"file_name":"src/lib.rs","byte_start":15276,"byte_end":15352,"line_start":523,"line_end":524,"column_start":5,"column_end":10,"is_primary":false,"text":[{"text":"    kv.put(KV_ACTIVE_MAP_IDS, serde_json::to_string(&active_map_ids)?)","highlight_start":5,"highlight_end":71},{"text":"        .execute()","highlight_start":1,"highlight_end":10}],"label":"","suggested_replacement":null,"suggestion_applicability":null,"expansion":null},{"file_name":"src/lib.rs","byte_start":15352,"byte_end":15359,"line_start":524,"line_end":524,"column_start":10,"column_end":17,"is_primary":true,"text":[{"text":"        .execute()","highlight_start":10,"highlight_end":17}],"label":"method not found in `Result<PutOptionsBuilder, KvError>`","suggested_replacement":null,"suggestion_applicability":null,"expansion":null}],"children":[{"message":"the method `execute` exists on the type `worker::worker_kv::PutOptionsBuilder`","code":null,"level":"note","spans":[{"file_name":"/Users/peterp/.cargo/registry/src/index.crates.io-1949cf8c6b5b557f/worker-kv-0.7.0/src/builder.rs","byte_start":1714,"byte_end":1763,"line_start":48,"line_end":48,"column_start":5,"column_end":54,"is_primary":true,"text":[{"text":"    pub async fn execute(self) -> Result<(), KvError> {","highlight_start":5,"highlight_end":54}],"label":null,"suggested_replacement":null,"suggestion_applicability":null,"expansion":null}],"children":[],"rendered":null},{"message":"the full name for the type has been written to '/Users/peterp/Projects/BrawlFast/worker/target/debug/deps/brawlfast_worker-0eb0b96d8ad18722.long-type-7866652744948477036.txt'","code":null,"level":"note","spans":[],"children":[],"rendered":null},{"message":"consider using `--verbose` to print the full type name to the console","code":null,"level":"note","spans":[],"children":[],"rendered":null},{"message":"use the `?` operator to extract the `worker::worker_kv::PutOptionsBuilder` value, propagating a `Result::Err` value to the caller","code":null,"level":"help","spans":[{"file_name":"src/lib.rs","byte_start":15342,"byte_end":15342,"line_start":523,"line_end":523,"column_start":71,"column_end":71,"is_primary":true,"text":[{"text":"    kv.put(KV_ACTIVE_MAP_IDS, serde_json::to_string(&active_map_ids)?)","highlight_start":71,"highlight_end":71}],"label":null,"suggested_replacement":"?","suggestion_applicability":"MachineApplicable","expansion":null}],"children":[],"rendered":null}],"rendered":"\u001b[1m\u001b[91merror[E0599]\u001b[0m\u001b[1m: no method named `execute` found for enum `std::result::Result<T, E>` in the current scope\u001b[0m\n   \u001b[1m\u001b[94m--> \u001b[0msrc/lib.rs:524:10\n    \u001b[1m\u001b[94m|\u001b[0m\n\u001b[1m\u001b[94m523\u001b[0m \u001b[1m\u001b[94m|\u001b[0m \u001b[1m\u001b[94m/\u001b[0m     kv.put(KV_ACTIVE_MAP_IDS, serde_json::to_string(&active_map_ids)?)\n\u001b[1m\u001b[94m524\u001b[0m \u001b[1m\u001b[94m|\u001b[0m \u001b[1m\u001b[94m|\u001b[0m         .execute()\n    \u001b[1m\u001b[94m|\u001b[0m \u001b[1m\u001b[94m|\u001b[0m         \u001b[1m\u001b[94m-\u001b[0m\u001b[1m\u001b[91m^^^^^^^\u001b[0m \u001b[1m\u001b[91mmethod not found in `Result<PutOptionsBuilder, KvError>`\u001b[0m\n    \u001b[1m\u001b[94m|\u001b[0m \u001b[1m\u001b[94m|_________|\u001b[0m\n    \u001b[1m\u001b[94m|\u001b[0m\n    \u001b[1m\u001b[94m|\u001b[0m\n\u001b[1m\u001b[92mnote\u001b[0m: the method `execute` exists on the type `worker::worker_kv::PutOptionsBuilder`\n   \u001b[1m\u001b[94m--> \u001b[0m/Users/peterp/.cargo/registry/src/index.crates.io-1949cf8c6b5b557f/worker-kv-0.7.0/src/builder.rs:48:5\n    \u001b[1m\u001b[94m|\u001b[0m\n \u001b[1m\u001b[94m48\u001b[0m \u001b[1m\u001b[94m|\u001b[0m     pub async fn execute(self) -> Result<(), KvError> {\n    \u001b[1m\u001b[94m|\u001b[0m     \u001b[1m\u001b[92m^^^^^^^^^^^^^^^^^^^^^^^^^^^^^^^^^^^^^^^^^^^^^^^^^\u001b[0m\n    \u001b[1m\u001b[94m= \u001b[0m\u001b[1mnote\u001b[0m: the full name for the type has been written to '/Users/peterp/Projects/BrawlFast/worker/target/debug/deps/brawlfast_worker-0eb0b96d8ad18722.long-type-7866652744948477036.txt'\n    \u001b[1m\u001b[94m= \u001b[0m\u001b[1mnote\u001b[0m: consider using `--verbose` to print the full type name to the console\n\u001b[1m\u001b[96mhelp\u001b[0m: use the `?` operator to extract the `worker::worker_kv::PutOptionsBuilder` value, propagating a `Result::Err` value to the caller\n    \u001b[1m\u001b[94m|\u001b[0m\n\u001b[1m\u001b[94m523\u001b[0m \u001b[1m\u001b[94m| \u001b[0m    kv.put(KV_ACTIVE_MAP_IDS, serde_json::to_string(&active_map_ids)?)\u001b[92m?\u001b[0m\n    \u001b[1m\u001b[94m|\u001b[0m                                                                       \u001b[92m+\u001b[0m\n\n"}
{"$message_type":"diagnostic","message":"no method named `execute` found for enum `std::result::Result<T, E>` in the current scope","code":{"code":"E0599","explanation":"This error occurs when a method is used on a type which doesn't implement it:\n\nErroneous code example:\n\n```compile_fail,E0599\nstruct Mouth;\n\nlet x = Mouth;\nx.chocolate(); // error: no method named `chocolate` found for type `Mouth`\n               //        in the current scope\n```\n\nIn this case, you need to implement the `chocolate` method to fix the error:\n\n```\nstruct Mouth;\n\nimpl Mouth {\n    fn chocolate(&self) { // We implement the `chocolate` method here.\n        println!(\"Hmmm! I love chocolate!\");\n    }\n}\n\nlet x = Mouth;\nx.chocolate(); // ok!\n```\n"},"level":"error","spans":[{"file_name":"src/lib.rs","byte_start":15426,"byte_end":15433,"line_start":526,"line_end":526,"column_start":48,"column_end":55,"is_primary":true,"text":[{"text":"    kv.put(KV_LOADED_AT, now_ms().to_string()).execute().await?;","highlight_start":48,"highlight_end":55}],"label":"method not found in `Result<PutOptionsBuilder, KvError>`","suggested_replacement":null,"suggestion_applicability":null,"expansion":null}],"children":[{"message":"the method `execute` exists on the type `worker::worker_kv::PutOptionsBuilder`","code":null,"level":"note","spans":[{"file_name":"/Users/peterp/.cargo/registry/src/index.crates.io-1949cf8c6b5b557f/worker-kv-0.7.0/src/builder.rs","byte_start":1714,"byte_end":1763,"line_start":48,"line_end":48,"column_start":5,"column_end":54,"is_primary":true,"text":[{"text":"    pub async fn execute(self) -> Result<(), KvError> {","highlight_start":5,"highlight_end":54}],"label":null,"suggested_replacement":null,"suggestion_applicability":null,"expansion":null}],"children":[],"rendered":null},{"message":"the full name for the type has been written to '/Users/peterp/Projects/BrawlFast/worker/target/debug/deps/brawlfast_worker-0eb0b96d8ad18722.long-type-7866652744948477036.txt'","code":null,"level":"note","spans":[],"children":[],"rendered":null},{"message":"consider using `--verbose` to print the full type name to the console","code":null,"level":"note","spans":[],"children":[],"rendered":null},{"message":"use the `?` operator to extract the `worker::worker_kv::PutOptionsBuilder` value, propagating a `Result::Err` value to the caller","code":null,"level":"help","spans":[{"file_name":"src/lib.rs","byte_start":15425,"byte_end":15425,"line_start":526,"line_end":526,"column_start":47,"column_end":47,"is_primary":true,"text":[{"text":"    kv.put(KV_LOADED_AT, now_ms().to_string()).execute().await?;","highlight_start":47,"highlight_end":47}],"label":null,"suggested_replacement":"?","suggestion_applicability":"MachineApplicable","expansion":null}],"children":[],"rendered":null}],"rendered":"\u001b[1m\u001b[91merror[E0599]\u001b[0m\u001b[1m: no method named `execute` found for enum `std::result::Result<T, E>` in the current scope\u001b[0m\n   \u001b[1m\u001b[94m--> \u001b[0msrc/lib.rs:526:48\n    \u001b[1m\u001b[94m|\u001b[0m\n\u001b[1m\u001b[94m526\u001b[0m \u001b[1m\u001b[94m|\u001b[0m     kv.put(KV_LOADED_AT, now_ms().to_string()).execute().await?;\n    \u001b[1m\u001b[94m|\u001b[0m                                                \u001b[1m\u001b[91m^^^^^^^\u001b[0m \u001b[1m\u001b[91mmethod not found in `Result<PutOptionsBuilder, KvError>`\u001b[0m\n    \u001b[1m\u001b[94m|\u001b[0m\n\u001b[1m\u001b[92mnote\u001b[0m: the method `execute` exists on the type `worker::worker_kv::PutOptionsBuilder`\n   \u001b[1m\u001b[94m--> \u001b[0m/Users/peterp/.cargo/registry/src/index.crates.io-1949cf8c6b5b557f/worker-kv-0.7.0/src/builder.rs:48:5\n    \u001b[1m\u001b[94m|\u001b[0m\n \u001b[1m\u001b[94m48\u001b[0m \u001b[1m\u001b[94m|\u001b[0m     pub async fn execute(self) -> Result<(), KvError> {\n    \u001b[1m\u001b[94m|\u001b[0m     \u001b[1m\u001b[92m^^^^^^^^^^^^^^^^^^^^^^^^^^^^^^^^^^^^^^^^^^^^^^^^^\u001b[0m\n    \u001b[1m\u001b[94m= \u001b[0m\u001b[1mnote\u001b[0m: the full name for the type has been written to '/Users/peterp/Projects/BrawlFast/worker/target/debug/deps/brawlfast_worker-0eb0b96d8ad18722.long-type-7866652744948477036.txt'\n    \u001b[1m\u001b[94m= \u001b[0m\u001b[1mnote\u001b[0m: consider using `--verbose` to print the full type name to the console\n\u001b[1m\u001b[96mhelp\u001b[0m: use the `?` operator to extract the `worker::worker_kv::PutOptionsBuilder` value, propagating a `Result::Err` value to the caller\n    \u001b[1m\u001b[94m|\u001b[0m\n\u001b[1m\u001b[94m526\u001b[0m \u001b[1m\u001b[94m| \u001b[0m    kv.put(KV_LOADED_AT, now_ms().to_string())\u001b[92m?\u001b[0m.execute().await?;\n    \u001b[1m\u001b[94m|\u001b[0m                                               \u001b[92m+\u001b[0m\n\n"}
{"$message_type":"diagnostic","message":"mismatched types","code":{"code":"E0308","explanation":"Expected type did not match the received type.\n\nErroneous code examples:\n\n```compile_fail,E0308\nfn plus_one(x: i32) -> i32 {\n    x + 1\n}\n\nplus_one(\"Not a number\");\n//       ^^^^^^^^^^^^^^ expected `i32`, found `&str`\n\nif \"Not a bool\" {\n// ^^^^^^^^^^^^ expected `bool`, found `&str`\n}\n\nlet x: f32 = \"Not a float\";\n//     ---   ^^^^^^^^^^^^^ expected `f32`, found `&str`\n//     |\n//     expected due to this\n```\n\nThis error occurs when an expression was used in a place where the compiler\nexpected an expression of a different type. It can occur in several cases, the\nmost common being when calling a function and passing an argument which has a\ndifferent type than the matching type in the function declaration.\n"},"level":"error","spans":[{"file_name":"/rustc/01f6ddf7588f42ae2d7eb0a2f21d44e8e96674cf/library/alloc/src/macros.rs","byte_start":3901,"byte_end":3962,"line_start":108,"line_end":108,"column_start":13,"column_end":74,"is_primary":true,"text":[],"label":"expected `&str`, found `String`","suggested_replacement":null,"suggestion_applicability":null,"expansion":{"span":{"file_name":"src/lib.rs","byte_start":16143,"byte_end":16168,"line_start":545,"line_end":545,"column_start":26,"column_end":51,"is_primary":false,"text":[{"text":"                    .put(format!(\"map:{}\", map.id), serde_json::to_string(&payload)?)","highlight_start":26,"highlight_end":51}],"label":null,"suggested_replacement":null,"suggestion_applicability":null,"expansion":null},"macro_decl_name":"format!","def_site_span":{"file_name":"/rustc/01f6ddf7588f42ae2d7eb0a2f21d44e8e96674cf/library/alloc/src/macros.rs","byte_start":3807,"byte_end":3826,"line_start":105,"line_end":105,"column_start":1,"column_end":20,"is_primary":false,"text":[],"label":null,"suggested_replacement":null,"suggestion_applicability":null,"expansion":null}}}],"children":[],"rendered":"\u001b[1m\u001b[91merror[E0308]\u001b[0m\u001b[1m: mismatched types\u001b[0m\n   \u001b[1m\u001b[94m--> \u001b[0msrc/lib.rs:545:26\n    \u001b[1m\u001b[94m|\u001b[0m\n\u001b[1m\u001b[94m545\u001b[0m \u001b[1m\u001b[94m|\u001b[0m \u001b[1m\u001b[94m...\u001b[0m   .put(format!(\"map:{}\", map.id), serde_json::to_string(&payload)?)\n    \u001b[1m\u001b[94m|\u001b[0m            \u001b[1m\u001b[91m^^^^^^^^^^^^^^^^^^^^^^^^^\u001b[0m \u001b[1m\u001b[91mexpected `&str`, found `String`\u001b[0m\n    \u001b[1m\u001b[94m|\u001b[0m\n    \u001b[1m\u001b[94m= \u001b[0m\u001b[1mnote\u001b[0m: this error originates in the macro `format` (in Nightly builds, run with -Z macro-backtrace for more info)\n\n"}
{"$message_type":"diagnostic","message":"no method named `execute` found for enum `std::result::Result<T, E>` in the current scope","code":{"code":"E0599","explanation":"This error occurs when a method is used on a type which doesn't implement it:\n\nErroneous code example:\n\n```compile_fail,E0599\nstruct Mouth;\n\nlet x = Mouth;\nx.chocolate(); // error: no method named `chocolate` found for type `Mouth`\n               //        in the current scope\n```\n\nIn this case, you need to implement the `chocolate` method to fix the error:\n\n```\nstruct Mouth;\n\nimpl Mouth {\n    fn chocolate(&self) { // We implement the `chocolate` method here.\n        println!(\"Hmmm! I love chocolate!\");\n    }\n}\n\nlet x = Mouth;\nx.chocolate(); // ok!\n```\n"},"level":"error","spans":[{"file_name":"src/lib.rs","byte_start":16115,"byte_end":16225,"line_start":544,"line_end":546,"column_start":25,"column_end":22,"is_primary":false,"text":[{"text":"                let _ = kv","highlight_start":25,"highlight_end":27},{"text":"                    .put(format!(\"map:{}\", map.id), serde_json::to_string(&payload)?)","highlight_start":1,"highlight_end":86},{"text":"                    .execute()","highlight_start":1,"highlight_end":22}],"label":"","suggested_replacement":null,"suggestion_applicability":null,"expansion":null},{"file_name":"src/lib.rs","byte_start":16225,"byte_end":16232,"line_start":546,"line_end":546,"column_start":22,"column_end":29,"is_primary":true,"text":[{"text":"                    .execute()","highlight_start":22,"highlight_end":29}],"label":"method not found in `Result<PutOptionsBuilder, KvError>`","suggested_replacement":null,"suggestion_applicability":null,"expansion":null}],"children":[{"message":"the method `execute` exists on the type `worker::worker_kv::PutOptionsBuilder`","code":null,"level":"note","spans":[{"file_name":"/Users/peterp/.cargo/registry/src/index.crates.io-1949cf8c6b5b557f/worker-kv-0.7.0/src/builder.rs","byte_start":1714,"byte_end":1763,"line_start":48,"line_end":48,"column_start":5,"column_end":54,"is_primary":true,"text":[{"text":"    pub async fn execute(self) -> Result<(), KvError> {","highlight_start":5,"highlight_end":54}],"label":null,"suggested_replacement":null,"suggestion_applicability":null,"expansion":null}],"children":[],"rendered":null},{"message":"the full name for the type has been written to '/Users/peterp/Projects/BrawlFast/worker/target/debug/deps/brawlfast_worker-0eb0b96d8ad18722.long-type-7866652744948477036.txt'","code":null,"level":"note","spans":[],"children":[],"rendered":null},{"message":"consider using `--verbose` to print the full type name to the console","code":null,"level":"note","spans":[],"children":[],"rendered":null},{"message":"use the `?` operator to extract the `worker::worker_kv::PutOptionsBuilder` value, propagating a `Result::Err` value to the caller","code":null,"level":"help","spans":[{"file_name":"src/lib.rs","byte_start":16203,"byte_end":16203,"line_start":545,"line_end":545,"column_start":86,"column_end":86,"is_primary":true,"text":[{"text":"                    .put(format!(\"map:{}\", map.id), serde_json::to_string(&payload)?)","highlight_start":86,"highlight_end":86}],"label":null,"suggested_replacement":"?","suggestion_applicability":"MachineApplicable","expansion":null}],"children":[],"rendered":null}],"rendered":"\u001b[1m\u001b[91merror[E0599]\u001b[0m\u001b[1m: no method named `execute` found for enum `std::result::Result<T, E>` in the current scope\u001b[0m\n   \u001b[1m\u001b[94m--> \u001b[0msrc/lib.rs:546:22\n    \u001b[1m\u001b[94m|\u001b[0m\n\u001b[1m\u001b[94m544\u001b[0m \u001b[1m\u001b[94m|\u001b[0m                   let _ = kv\n    \u001b[1m\u001b[94m|\u001b[0m \u001b[1m\u001b[94m _________________________-\u001b[0m\n\u001b[1m\u001b[94m545\u001b[0m \u001b[1m\u001b[94m|\u001b[0m \u001b[1m\u001b[94m|\u001b[0m                     .put(format!(\"map:{}\", map.id), serde_json::to_st\u001b[1m\u001b[94m...\u001b[0m\n\u001b[1m\u001b[94m546\u001b[0m \u001b[1m\u001b[94m|\u001b[0m \u001b[1m\u001b[94m|\u001b[0m                     .execute()\n    \u001b[1m\u001b[94m|\u001b[0m \u001b[1m\u001b[94m|\u001b[0m                     \u001b[1m\u001b[94m-\u001b[0m\u001b[1m\u001b[91m^^^^^^^\u001b[0m \u001b[1m\u001b[91mmethod not found in `Result<PutOptionsBuilder, KvError>`\u001b[0m\n    \u001b[1m\u001b[94m|\u001b[0m \u001b[1m\u001b[94m|_____________________|\u001b[0m\n    \u001b[1m\u001b[94m|\u001b[0m\n    \u001b[1m\u001b[94m|\u001b[0m\n\u001b[1m\u001b[92mnote\u001b[0m: the method `execute` exists on the type `worker::worker_kv::PutOptionsBuilder`\n   \u001b[1m\u001b[94m--> \u001b[0m/Users/peterp/.cargo/registry/src/index.crates.io-1949cf8c6b5b557f/worker-kv-0.7.0/src/builder.rs:48:5\n    \u001b[1m\u001b[94m|\u001b[0m\n \u001b[1m\u001b[94m48\u001b[0m \u001b[1m\u001b[94m|\u001b[0m     pub async fn execute(self) -> Result<(), KvError> {\n    \u001b[1m\u001b[94m|\u001b[0m     \u001b[1m\u001b[92m^^^^^^^^^^^^^^^^^^^^^^^^^^^^^^^^^^^^^^^^^^^^^^^^^\u001b[0m\n    \u001b[1m\u001b[94m= \u001b[0m\u001b[1mnote\u001b[0m: the full name for the type has been written to '/Users/peterp/Projects/BrawlFast/worker/target/debug/deps/brawlfast_worker-0eb0b96d8ad18722.long-type-7866652744948477036.txt'\n    \u001b[1m\u001b[94m= \u001b[0m\u001b[1mnote\u001b[0m: consider using `--verbose` to print the full type name to the console\n\u001b[1m\u001b[96mhelp\u001b[0m: use the `?` operator to extract the `worker::worker_kv::PutOptionsBuilder` value, propagating a `Result::Err` value to the caller\n    \u001b[1m\u001b[94m|\u001b[0m\n\u001b[1m\u001b[94m545\u001b[0m \u001b[1m\u001b[94m| \u001b[0m                    .put(format!(\"map:{}\", map.id), serde_json::to_string(&payload)?)\u001b[92m?\u001b[0m\n    \u001b[1m\u001b[94m|\u001b[0m                                                                                      \u001b[92m+\u001b[0m\n\n"}
{"$message_type":"diagnostic","message":"mismatched types","code":{"code":"E0308","explanation":"Expected type did not match the received type.\n\nErroneous code examples:\n\n```compile_fail,E0308\nfn plus_one(x: i32) -> i32 {\n    x + 1\n}\n\nplus_one(\"Not a number\");\n//       ^^^^^^^^^^^^^^ expected `i32`, found `&str`\n\nif \"Not a bool\" {\n// ^^^^^^^^^^^^ expected `bool`, found `&str`\n}\n\nlet x: f32 = \"Not a float\";\n//     ---   ^^^^^^^^^^^^^ expected `f32`, found `&str`\n//     |\n//     expected due to this\n```\n\nThis error occurs when an expression was used in a place where the compiler\nexpected an expression of a different type. It can occur in several cases, the\nmost common being when calling a function and passing an argument which has a\ndifferent type than the matching type in the function declaration.\n"},"level":"error","spans":[{"file_name":"/rustc/01f6ddf7588f42ae2d7eb0a2f21d44e8e96674cf/library/alloc/src/macros.rs","byte_start":3901,"byte_end":3962,"line_start":108,"line_end":108,"column_start":13,"column_end":74,"is_primary":true,"text":[],"label":"expected `&str`, found `String`","suggested_replacement":null,"suggestion_applicability":null,"expansion":{"span":{"file_name":"src/lib.rs","byte_start":16825,"byte_end":16858,"line_start":563,"line_end":563,"column_start":26,"column_end":59,"is_primary":false,"text":[{"text":"                    .put(format!(\"brawler:{}\", brawler.id), serde_json::to_string(&payload)?)","highlight_start":26,"highlight_end":59}],"label":null,"suggested_replacement":null,"suggestion_applicability":null,"expansion":null},"macro_decl_name":"format!","def_site_span":{"file_name":"/rustc/01f6ddf7588f42ae2d7eb0a2f21d44e8e96674cf/library/alloc/src/macros.rs","byte_start":3807,"byte_end":3826,"line_start":105,"line_end":105,"column_start":1,"column_end":20,"is_primary":false,"text":[],"label":null,"suggested_replacement":null,"suggestion_applicability":null,"expansion":null}}}],"children":[],"rendered":"\u001b[1m\u001b[91merror[E0308]\u001b[0m\u001b[1m: mismatched types\u001b[0m\n   \u001b[1m\u001b[94m--> \u001b[0msrc/lib.rs:563:26\n    \u001b[1m\u001b[94m|\u001b[0m\n\u001b[1m\u001b[94m563\u001b[0m \u001b[1m\u001b[94m|\u001b[0m \u001b[1m\u001b[94m...\u001b[0m        .put(format!(\"brawler:{}\", brawler.id), serde_json::to_strin\u001b[1m\u001b[94m...\u001b[0m\n    \u001b[1m\u001b[94m|\u001b[0m                 \u001b[1m\u001b[91m^^^^^^^^^^^^^^^^^^^^^^^^^^^^^^^^^\u001b[0m \u001b[1m\u001b[91mexpected `&str`, found `String`\u001b[0m\n    \u001b[1m\u001b[94m|\u001b[0m\n    \u001b[1m\u001b[94m= \u001b[0m\u001b[1mnote\u001b[0m: this error originates in the macro `format` (in Nightly builds, run with -Z macro-backtrace for more info)\n\n"}
{"$message_type":"diagnostic","message":"no method named `execute` found for enum `std::result::Result<T, E>` in the current scope","code":{"code":"E0599","explanation":"This error occurs when a method is used on a type which doesn't implement it:\n\nErroneous code example:\n\n```compile_fail,E0599\nstruct Mouth;\n\nlet x = Mouth;\nx.chocolate(); // error: no method named `chocolate` found for type `Mouth`\n               //        in the current scope\n```\n\nIn this case, you need to implement the `chocolate` method to fix the error:\n\n```\nstruct Mouth;\n\nimpl Mouth {\n    fn chocolate(&self) { // We implement the `chocolate` method here.\n        println!(\"Hmmm! I love chocolate!\");\n    }\n}\n\nlet x = Mouth;\nx.chocolate(); // ok!\n```\n"},"level":"error","spans":[{"file_name":"src/lib.rs","byte_start":16797,"byte_end":16915,"line_start":562,"line_end":564,"column_start":25,"column_end":22,"is_primary":false,"text":[{"text":"                let _ = kv","highlight_start":25,"highlight_end":27},{"text":"                    .put(format!(\"brawler:{}\", brawler.id), serde_json::to_string(&payload)?)","highlight_start":1,"highlight_end":94},{"text":"                    .execute()","highlight_start":1,"highlight_end":22}],"label":"","suggested_replacement":null,"suggestion_applicability":null,"expansion":null},{"file_name":"src/lib.rs","byte_start":16915,"byte_end":16922,"line_start":564,"line_end":564,"column_start":22,"column_end":29,"is_primary":true,"text":[{"text":"                    .execute()","highlight_start":22,"highlight_end":29}],"label":"method not found in `Result<PutOptionsBuilder, KvError>`","suggested_replacement":null,"suggestion_applicability":null,"expansion":null}],"children":[{"message":"the method `execute` exists on the type `worker::worker_kv::PutOptionsBuilder`","code":null,"level":"note","spans":[{"file_name":"/Users/peterp/.cargo/registry/src/index.crates.io-1949cf8c6b5b557f/worker-kv-0.7.0/src/builder.rs","byte_start":1714,"byte_end":1763,"line_start":48,"line_end":48,"column_start":5,"column_end":54,"is_primary":true,"text":[{"text":"    pub async fn execute(self) -> Result<(), KvError> {","highlight_start":5,"highlight_end":54}],"label":null,"suggested_replacement":null,"suggestion_applicability":null,"expansion":null}],"children":[],"rendered":null},{"message":"the full name for the type has been written to '/Users/peterp/Projects/BrawlFast/worker/target/debug/deps/brawlfast_worker-0eb0b96d8ad18722.long-type-7866652744948477036.txt'","code":null,"level":"note","spans":[],"children":[],"rendered":null},{"message":"consider using `--verbose` to print the full type name to the console","code":null,"level":"note","spans":[],"children":[],"rendered":null},{"message":"use the `?` operator to extract the `worker::worker_kv::PutOptionsBuilder` value, propagating a `Result::Err` value to the caller","code":null,"level":"help","spans":[{"file_name":"src/lib.rs","byte_start":16893,"byte_end":16893,"line_start":563,"line_end":563,"column_start":94,"column_end":94,"is_primary":true,"text":[{"text":"                    .put(format!(\"brawler:{}\", brawler.id), serde_json::to_string(&payload)?)","highlight_start":94,"highlight_end":94}],"label":null,"suggested_replacement":"?","suggestion_applicability":"MachineApplicable","expansion":null}],"children":[],"rendered":null}],"rendered":"\u001b[1m\u001b[91merror[E0599]\u001b[0m\u001b[1m: no method named `execute` found for enum `std::result::Result<T, E>` in the current scope\u001b[0m\n   \u001b[1m\u001b[94m--> \u001b[0msrc/lib.rs:564:22\n    \u001b[1m\u001b[94m|\u001b[0m\n\u001b[1m\u001b[94m562\u001b[0m \u001b[1m\u001b[94m|\u001b[0m                   let _ = kv\n    \u001b[1m\u001b[94m|\u001b[0m \u001b[1m\u001b[94m _________________________-\u001b[0m\n\u001b[1m\u001b[94m563\u001b[0m \u001b[1m\u001b[94m|\u001b[0m \u001b[1m\u001b[94m|\u001b[0m                     .put(format!(\"brawler:{}\", brawler.id), serde_jso\u001b[1m\u001b[94m...\u001b[0m\n\u001b[1m\u001b[94m564\u001b[0m \u001b[1m\u001b[94m|\u001b[0m \u001b[1m\u001b[94m|\u001b[0m                     .execute()\n    \u001b[1m\u001b[94m|\u001b[0m \u001b[1m\u001b[94m|\u001b[0m                     \u001b[1m\u001b[94m-\u001b[0m\u001b[1m\u001b[91m^^^^^^^\u001b[0m \u001b[1m\u001b[91mmethod not found in `Result<PutOptionsBuilder, KvError>`\u001b[0m\n    \u001b[1m\u001b[94m|\u001b[0m \u001b[1m\u001b[94m|_____________________|\u001b[0m\n    \u001b[1m\u001b[94m|\u001b[0m\n    \u001b[1m\u001b[94m|\u001b[0m\n\u001b[1m\u001b[92mnote\u001b[0m: the method `execute` exists on the type `worker::worker_kv::PutOptionsBuilder`\n   \u001b[1m\u001b[94m--> \u001b[0m/Users/peterp/.cargo/registry/src/index.crates.io-1949cf8c6b5b557f/worker-kv-0.7.0/src/builder.rs:48:5\n    \u001b[1m\u001b[94m|\u001b[0m\n \u001b[1m\u001b[94m48\u001b[0m \u001b[1m\u001b[94m|\u001b[0m     pub async fn execute(self) -> Result<(), KvError> {\n    \u001b[1m\u001b[94m|\u001b[0m     \u001b[1m\u001b[92m^^^^^^^^^^^^^^^^^^^^^^^^^^^^^^^^^^^^^^^^^^^^^^^^^\u001b[0m\n    \u001b[1m\u001b[94m= \u001b[0m\u001b[1mnote\u001b[0m: the full name for the type has been written to '/Users/peterp/Projects/BrawlFast/worker/target/debug/deps/brawlfast_worker-0eb0b96d8ad18722.long-type-7866652744948477036.txt'\n    \u001b[1m\u001b[94m= \u001b[0m\u001b[1mnote\u001b[0m: consider using `--verbose` to print the full type name to the console\n\u001b[1m\u001b[96mhelp\u001b[0m: use the `?` operator to extract the `worker::worker_kv::PutOptionsBuilder` value, propagating a `Result::Err` value to the caller\n    \u001b[1m\u001b[94m|\u001b[0m\n\u001b[1m\u001b[94m563\u001b[0m \u001b[1m\u001b[94m| \u001b[0m                    .put(format!(\"brawler:{}\", brawler.id), serde_json::to_string(&payload)?)\u001b[92m?\u001b[0m\n    \u001b[1m\u001b[94m|\u001b[0m                                                                                              \u001b[92m+\u001b[0m\n\n"}
{"$message_type":"diagnostic","message":"use of moved value: `resp`","code":{"code":"E0382","explanation":"A variable was used after its contents have been moved elsewhere.\n\nErroneous code example:\n\n```compile_fail,E0382\nstruct MyStruct { s: u32 }\n\nfn main() {\n    let mut x = MyStruct{ s: 5u32 };\n    let y = x;\n    x.s = 6;\n    println!(\"{}\", x.s);\n}\n```\n\nSince `MyStruct` is a type that is not marked `Copy`, the data gets moved out\nof `x` when we set `y`. This is fundamental to Rust's ownership system: outside\nof workarounds like `Rc`, a value cannot be owned by more than one variable.\n\nSometimes we don't need to move the value. Using a reference, we can let another\nfunction borrow the value without changing its ownership. In the example below,\nwe don't actually have to move our string to `calculate_length`, we can give it\na reference to it with `&` instead.\n\n```\nfn main() {\n    let s1 = String::from(\"hello\");\n\n    let len = calculate_length(&s1);\n\n    println!(\"The length of '{}' is {}.\", s1, len);\n}\n\nfn calculate_length(s: &String) -> usize {\n    s.len()\n}\n```\n\nA mutable reference can be created with `&mut`.\n\nSometimes we don't want a reference, but a duplicate. All types marked `Clone`\ncan be duplicated by calling `.clone()`. Subsequent changes to a clone do not\naffect the original variable.\n\nMost types in the standard library are marked `Clone`. The example below\ndemonstrates using `clone()` on a string. `s1` is first set to \"many\", and then\ncopied to `s2`. Then the first character of `s1` is removed, without affecting\n`s2`. \"any many\" is printed to the console.\n\n```\nfn main() {\n    let mut s1 = String::from(\"many\");\n    let s2 = s1.clone();\n    s1.remove(0);\n    println!(\"{} {}\", s1, s2);\n}\n```\n\nIf we control the definition of a type, we can implement `Clone` on it ourselves\nwith `#[derive(Clone)]`.\n\nSome types have no ownership semantics at all and are trivial to duplicate. An\nexample is `i32` and the other number types. We don't have to call `.clone()` to\nclone them, because they are marked `Copy` in addition to `Clone`. Implicit\ncloning is more convenient in this case. We can mark our own types `Copy` if\nall their members also are marked `Copy`.\n\nIn the example below, we implement a `Point` type. Because it only stores two\nintegers, we opt-out of ownership semantics with `Copy`. Then we can\n`let p2 = p1` without `p1` being moved.\n\n```\n#[derive(Copy, Clone)]\nstruct Point { x: i32, y: i32 }\n\nfn main() {\n    let mut p1 = Point{ x: -1, y: 2 };\n    let p2 = p1;\n    p1.x = 1;\n    println!(\"p1: {}, {}\", p1.x, p1.y);\n    println!(\"p2: {}, {}\", p2.x, p2.y);\n}\n```\n\nAlternatively, if we don't control the struct's definition, or mutable shared\nownership is truly required, we can use `Rc` and `RefCell`:\n\n```\nuse std::cell::RefCell;\nuse std::rc::Rc;\n\nstruct MyStruct { s: u32 }\n\nfn main() {\n    let mut x = Rc::new(RefCell::new(MyStruct{ s: 5u32 }));\n    let y = x.clone();\n    x.borrow_mut().s = 6;\n    println!(\"{}\", x.borrow().s);\n}\n```\n\nWith this approach, x and y share ownership of the data via the `Rc` (reference\ncount type). `RefCell` essentially performs runtime borrow checking: ensuring\nthat at most one writer or multiple readers can access the data at any one time.\n\nIf you wish to learn more about ownership in Rust, start with the\n[Understanding Ownership][understanding-ownership] chapter in the Book.\n\n[understanding-ownership]: https://doc.rust-lang.org/book/ch04-00-understanding-ownership.html\n"},"level":"error","spans":[{"file_name":"src/lib.rs","byte_start":34779,"byte_end":34798,"line_start":1148,"line_end":1148,"column_start":10,"column_end":29,"is_primary":false,"text":[{"text":"    resp.with_status(status);","highlight_start":10,"highlight_end":29}],"label":"`resp` moved due to this method call","suggested_replacement":null,"suggestion_applicability":null,"expansion":null},{"file_name":"src/lib.rs","byte_start":34807,"byte_end":34811,"line_start":1149,"line_end":1149,"column_start":8,"column_end":12,"is_primary":true,"text":[{"text":"    Ok(resp)","highlight_start":8,"highlight_end":12}],"label":"value used here after move","suggested_replacement":null,"suggestion_applicability":null,"expansion":null},{"file_name":"src/lib.rs","byte_start":34583,"byte_end":34591,"line_start":1144,"line_end":1144,"column_start":9,"column_end":17,"is_primary":false,"text":[{"text":"    let mut resp = Response::from_json(value)?;","highlight_start":9,"highlight_end":17}],"label":"move occurs because `resp` has type `worker::Response`, which does not implement the `Copy` trait","suggested_replacement":null,"suggestion_applicability":null,"expansion":null}],"children":[{"message":"`worker::Response::with_status` takes ownership of the receiver `self`, which moves `resp`","code":null,"level":"note","spans":[{"file_name":"/Users/peterp/.cargo/registry/src/index.crates.io-1949cf8c6b5b557f/worker-0.5.0/src/response.rs","byte_start":8245,"byte_end":8249,"line_start":225,"line_end":225,"column_start":28,"column_end":32,"is_primary":true,"text":[{"text":"    pub fn with_status(mut self, status_code: u16) -> Self {","highlight_start":28,"highlight_end":32}],"label":null,"suggested_replacement":null,"suggestion_applicability":null,"expansion":null}],"children":[],"rendered":null}],"rendered":"\u001b[1m\u001b[91merror[E0382]\u001b[0m\u001b[1m: use of moved value: `resp`\u001b[0m\n    \u001b[1m\u001b[94m--> \u001b[0msrc/lib.rs:1149:8\n     \u001b[1m\u001b[94m|\u001b[0m\n\u001b[1m\u001b[94m1144\u001b[0m \u001b[1m\u001b[94m|\u001b[0m     let mut resp = Response::from_json(value)?;\n     \u001b[1m\u001b[94m|\u001b[0m         \u001b[1m\u001b[94m--------\u001b[0m \u001b[1m\u001b[94mmove occurs because `resp` has type `worker::Response`, which does not implement the `Copy` trait\u001b[0m\n\u001b[1m\u001b[94m...\u001b[0m\n\u001b[1m\u001b[94m1148\u001b[0m \u001b[1m\u001b[94m|\u001b[0m     resp.with_status(status);\n     \u001b[1m\u001b[94m|\u001b[0m          \u001b[1m\u001b[94m-------------------\u001b[0m \u001b[1m\u001b[94m`resp` moved due to this method call\u001b[0m\n\u001b[1m\u001b[94m1149\u001b[0m \u001b[1m\u001b[94m|\u001b[0m     Ok(resp)\n     \u001b[1m\u001b[94m|\u001b[0m        \u001b[1m\u001b[91m^^^^\u001b[0m \u001b[1m\u001b[91mvalue used here after move\u001b[0m\n     \u001b[1m\u001b[94m|\u001b[0m\n\u001b[1m\u001b[92mnote\u001b[0m: `worker::Response::with_status` takes ownership of the receiver `self`, which moves `resp`\n    \u001b[1m\u001b[94m--> \u001b[0m/Users/peterp/.cargo/registry/src/index.crates.io-1949cf8c6b5b557f/worker-0.5.0/src/response.rs:225:28\n     \u001b[1m\u001b[94m|\u001b[0m\n \u001b[1m\u001b[94m225\u001b[0m \u001b[1m\u001b[94m|\u001b[0m     pub fn with_status(mut self, status_code: u16) -> Self {\n     \u001b[1m\u001b[94m|\u001b[0m                            \u001b[1m\u001b[92m^^^^\u001b[0m\n\n"}
{"$message_type":"diagnostic","message":"aborting due to 20 previous errors","code":null,"level":"error","spans":[],"children":[],"rendered":"\u001b[1m\u001b[91merror\u001b[0m\u001b[1m: aborting due to 20 previous errors\u001b[0m\n\n"}
{"$message_type":"diagnostic","message":"Some errors have detailed explanations: E0061, E0277, E0308, E0382, E0433, E0599.","code":null,"level":"failure-note","spans":[],"children":[],"rendered":"\u001b[1mSome errors have detailed explanations: E0061, E0277, E0308, E0382, E0433, E0599.\u001b[0m\n"}
{"$message_type":"diagnostic","message":"For more information about an error, try `rustc --explain E0061`.","code":null,"level":"failure-note","spans":[],"children":[],"rendered":"\u001b[1mFor more information about an error, try `rustc --explain E0061`.\u001b[0m\n"}
