TN:
SF:server.js
FN:33,(anonymous_0)
FN:56,now
FN:60,getCached
FN:77,setCache
FN:89,getCacheStats
FN:96,normalizeText
FN:102,levenshtein
FN:109,(anonymous_7)
FN:128,scoreMatch
FN:147,topScored
FN:149,(anonymous_10)
FN:155,(anonymous_11)
FN:157,(anonymous_12)
FN:160,searchCatalog
FN:168,(anonymous_14)
FN:179,(anonymous_15)
FN:183,(anonymous_16)
FN:198,(anonymous_17)
FN:209,safeArray
FN:213,toNum
FN:218,modeName
FN:222,computeAdjustedWinRate
FN:234,computePriorFromEntries
FN:235,(anonymous_23)
FN:240,(anonymous_24)
FN:256,sortByAdjustedThenRaw
FN:285,resolveBrawlerName
FN:306,parseMapStatEntry
FN:324,parseTeamEntry
FN:326,(anonymous_29)
FN:342,buildFallbackTeamsFromBrawlers
FN:354,(anonymous_31)
FN:363,getRankedBrawlers
FN:377,(anonymous_33)
FN:379,(anonymous_34)
FN:392,(anonymous_35)
FN:401,(anonymous_36)
FN:403,(anonymous_37)
FN:413,(anonymous_38)
FN:425,(anonymous_39)
FN:432,(anonymous_40)
FN:444,stripMapResponse
FN:460,(anonymous_42)
FN:462,(anonymous_43)
FN:472,(anonymous_44)
FN:492,parseBestMapEntry
FN:508,buildBestMapsFromCatalog
FN:547,stripBrawlerResponse
FN:562,(anonymous_48)
FN:587,fetchJson
FN:589,(anonymous_50)
FN:601,fetchMaps
FN:603,(anonymous_52)
FN:611,(anonymous_53)
FN:615,(anonymous_54)
FN:624,fetchActiveMapIds
FN:626,(anonymous_56)
FN:642,(anonymous_57)
FN:650,(anonymous_58)
FN:651,(anonymous_59)
FN:660,(anonymous_60)
FN:661,(anonymous_61)
FN:667,fetchBrawlers
FN:669,(anonymous_63)
FN:674,(anonymous_64)
FN:678,(anonymous_65)
FN:687,fetchMap
FN:691,fetchBrawler
FN:695,loadActiveEvents
FN:706,loadCatalog
FN:718,(anonymous_70)
FN:730,formatAge
FN:739,bestSuggestionsFromCatalog
FN:744,(anonymous_73)
FN:747,(anonymous_74)
FN:750,(anonymous_75)
FN:755,(anonymous_76)
FN:757,(anonymous_77)
FN:758,(anonymous_78)
FN:760,(anonymous_79)
FN:777,(anonymous_80)
FN:841,(anonymous_81)
FN:904,(anonymous_82)
FN:916,(anonymous_83)
FN:920,(anonymous_84)
FNF:85
FNH:0
FNDA:0,(anonymous_0)
FNDA:0,now
FNDA:0,getCached
FNDA:0,setCache
FNDA:0,getCacheStats
FNDA:0,normalizeText
FNDA:0,levenshtein
FNDA:0,(anonymous_7)
FNDA:0,scoreMatch
FNDA:0,topScored
FNDA:0,(anonymous_10)
FNDA:0,(anonymous_11)
FNDA:0,(anonymous_12)
FNDA:0,searchCatalog
FNDA:0,(anonymous_14)
FNDA:0,(anonymous_15)
FNDA:0,(anonymous_16)
FNDA:0,(anonymous_17)
FNDA:0,safeArray
FNDA:0,toNum
FNDA:0,modeName
FNDA:0,computeAdjustedWinRate
FNDA:0,computePriorFromEntries
FNDA:0,(anonymous_23)
FNDA:0,(anonymous_24)
FNDA:0,sortByAdjustedThenRaw
FNDA:0,resolveBrawlerName
FNDA:0,parseMapStatEntry
FNDA:0,parseTeamEntry
FNDA:0,(anonymous_29)
FNDA:0,buildFallbackTeamsFromBrawlers
FNDA:0,(anonymous_31)
FNDA:0,getRankedBrawlers
FNDA:0,(anonymous_33)
FNDA:0,(anonymous_34)
FNDA:0,(anonymous_35)
FNDA:0,(anonymous_36)
FNDA:0,(anonymous_37)
FNDA:0,(anonymous_38)
FNDA:0,(anonymous_39)
FNDA:0,(anonymous_40)
FNDA:0,stripMapResponse
FNDA:0,(anonymous_42)
FNDA:0,(anonymous_43)
FNDA:0,(anonymous_44)
FNDA:0,parseBestMapEntry
FNDA:0,buildBestMapsFromCatalog
FNDA:0,stripBrawlerResponse
FNDA:0,(anonymous_48)
FNDA:0,fetchJson
FNDA:0,(anonymous_50)
FNDA:0,fetchMaps
FNDA:0,(anonymous_52)
FNDA:0,(anonymous_53)
FNDA:0,(anonymous_54)
FNDA:0,fetchActiveMapIds
FNDA:0,(anonymous_56)
FNDA:0,(anonymous_57)
FNDA:0,(anonymous_58)
FNDA:0,(anonymous_59)
FNDA:0,(anonymous_60)
FNDA:0,(anonymous_61)
FNDA:0,fetchBrawlers
FNDA:0,(anonymous_63)
FNDA:0,(anonymous_64)
FNDA:0,(anonymous_65)
FNDA:0,fetchMap
FNDA:0,fetchBrawler
FNDA:0,loadActiveEvents
FNDA:0,loadCatalog
FNDA:0,(anonymous_70)
FNDA:0,formatAge
FNDA:0,bestSuggestionsFromCatalog
FNDA:0,(anonymous_73)
FNDA:0,(anonymous_74)
FNDA:0,(anonymous_75)
FNDA:0,(anonymous_76)
FNDA:0,(anonymous_77)
FNDA:0,(anonymous_78)
FNDA:0,(anonymous_79)
FNDA:0,(anonymous_80)
FNDA:0,(anonymous_81)
FNDA:0,(anonymous_82)
FNDA:0,(anonymous_83)
FNDA:0,(anonymous_84)
DA:1,0
DA:2,0
DA:14,0
DA:16,0
DA:17,0
DA:18,0
DA:20,0
DA:21,0
DA:22,0
DA:23,0
DA:24,0
DA:25,0
DA:26,0
DA:27,0
DA:28,0
DA:29,0
DA:30,0
DA:32,0
DA:33,0
DA:34,0
DA:35,0
DA:36,0
DA:37,0
DA:38,0
DA:40,0
DA:44,0
DA:46,0
DA:48,0
DA:57,0
DA:61,0
DA:62,0
DA:63,0
DA:66,0
DA:68,0
DA:69,0
DA:70,0
DA:73,0
DA:74,0
DA:78,0
DA:79,0
DA:81,0
DA:83,0
DA:84,0
DA:85,0
DA:90,0
DA:97,0
DA:103,0
DA:104,0
DA:106,0
DA:107,0
DA:109,0
DA:111,0
DA:112,0
DA:114,0
DA:115,0
DA:116,0
DA:117,0
DA:125,0
DA:129,0
DA:131,0
DA:132,0
DA:135,0
DA:136,0
DA:139,0
DA:140,0
DA:141,0
DA:144,0
DA:148,0
DA:150,0
DA:151,0
DA:152,0
DA:155,0
DA:157,0
DA:161,0
DA:162,0
DA:163,0
DA:167,0
DA:169,0
DA:170,0
DA:173,0
DA:174,0
DA:176,0
DA:179,0
DA:182,0
DA:183,0
DA:184,0
DA:185,0
DA:186,0
DA:194,0
DA:196,0
DA:197,0
DA:198,0
DA:199,0
DA:200,0
DA:201,0
DA:204,0
DA:206,0
DA:210,0
DA:214,0
DA:215,0
DA:219,0
DA:223,0
DA:224,0
DA:225,0
DA:228,0
DA:229,0
DA:230,0
DA:231,0
DA:235,0
DA:236,0
DA:237,0
DA:240,0
DA:241,0
DA:242,0
DA:243,0
DA:249,0
DA:250,0
DA:253,0
DA:257,0
DA:258,0
DA:259,0
DA:260,0
DA:263,0
DA:264,0
DA:265,0
DA:266,0
DA:269,0
DA:270,0
DA:271,0
DA:286,0
DA:287,0
DA:290,0
DA:291,0
DA:294,0
DA:295,0
DA:296,0
DA:298,0
DA:299,0
DA:303,0
DA:307,0
DA:308,0
DA:309,0
DA:310,0
DA:312,0
DA:313,0
DA:316,0
DA:325,0
DA:326,0
DA:328,0
DA:329,0
DA:331,0
DA:332,0
DA:335,0
DA:343,0
DA:344,0
DA:347,0
DA:348,0
DA:349,0
DA:350,0
DA:351,0
DA:352,0
DA:353,0
DA:354,0
DA:360,0
DA:364,0
DA:369,0
DA:375,0
DA:376,0
DA:377,0
DA:380,0
DA:381,0
DA:384,0
DA:386,0
DA:387,0
DA:390,0
DA:391,0
DA:392,0
DA:399,0
DA:400,0
DA:401,0
DA:404,0
DA:405,0
DA:406,0
DA:409,0
DA:411,0
DA:412,0
DA:413,0
DA:420,0
DA:421,0
DA:424,0
DA:425,0
DA:430,0
DA:432,0
DA:433,0
DA:434,0
DA:435,0
DA:436,0
DA:438,0
DA:441,0
DA:445,0
DA:446,0
DA:447,0
DA:450,0
DA:455,0
DA:458,0
DA:459,0
DA:460,0
DA:463,0
DA:464,0
DA:465,0
DA:468,0
DA:470,0
DA:471,0
DA:472,0
DA:479,0
DA:480,0
DA:483,0
DA:493,0
DA:494,0
DA:495,0
DA:497,0
DA:498,0
DA:501,0
DA:509,0
DA:510,0
DA:512,0
DA:513,0
DA:514,0
DA:515,0
DA:516,0
DA:517,0
DA:518,0
DA:519,0
DA:520,0
DA:523,0
DA:524,0
DA:525,0
DA:526,0
DA:529,0
DA:531,0
DA:538,0
DA:542,0
DA:548,0
DA:549,0
DA:550,0
DA:553,0
DA:558,0
DA:559,0
DA:563,0
DA:564,0
DA:565,0
DA:573,0
DA:577,0
DA:581,0
DA:588,0
DA:589,0
DA:590,0
DA:591,0
DA:592,0
DA:593,0
DA:595,0
DA:597,0
DA:602,0
DA:603,0
DA:611,0
DA:614,0
DA:615,0
DA:616,0
DA:617,0
DA:618,0
DA:621,0
DA:625,0
DA:626,0
DA:628,0
DA:629,0
DA:630,0
DA:631,0
DA:633,0
DA:634,0
DA:635,0
DA:636,0
DA:639,0
DA:640,0
DA:643,0
DA:644,0
DA:645,0
DA:646,0
DA:648,0
DA:650,0
DA:651,0
DA:654,0
DA:655,0
DA:658,0
DA:660,0
DA:661,0
DA:664,0
DA:668,0
DA:669,0
DA:674,0
DA:677,0
DA:678,0
DA:679,0
DA:680,0
DA:681,0
DA:684,0
DA:688,0
DA:692,0
DA:696,0
DA:697,0
DA:698,0
DA:699,0
DA:701,0
DA:702,0
DA:707,0
DA:708,0
DA:712,0
DA:713,0
DA:714,0
DA:716,0
DA:717,0
DA:718,0
DA:720,0
DA:722,0
DA:723,0
DA:725,0
DA:726,0
DA:731,0
DA:732,0
DA:733,0
DA:734,0
DA:735,0
DA:736,0
DA:740,0
DA:741,0
DA:743,0
DA:744,0
DA:747,0
DA:750,0
DA:751,0
DA:752,0
DA:755,0
DA:756,0
DA:757,0
DA:759,0
DA:760,0
DA:766,0
DA:774,0
DA:777,0
DA:778,0
DA:779,0
DA:780,0
DA:783,0
DA:784,0
DA:785,0
DA:786,0
DA:788,0
DA:792,0
DA:793,0
DA:794,0
DA:802,0
DA:803,0
DA:804,0
DA:805,0
DA:806,0
DA:807,0
DA:813,0
DA:815,0
DA:822,0
DA:823,0
DA:824,0
DA:833,0
DA:841,0
DA:842,0
DA:843,0
DA:844,0
DA:847,0
DA:848,0
DA:849,0
DA:850,0
DA:852,0
DA:856,0
DA:857,0
DA:858,0
DA:866,0
DA:867,0
DA:868,0
DA:869,0
DA:870,0
DA:876,0
DA:878,0
DA:885,0
DA:886,0
DA:887,0
DA:896,0
DA:904,0
DA:905,0
DA:906,0
DA:908,0
DA:916,0
DA:917,0
DA:920,0
DA:921,0
DA:922,0
DA:923,0
LF:404
LH:0
BRDA:20,0,0,0
BRDA:20,0,1,0
BRDA:21,1,0,0
BRDA:21,1,1,0
BRDA:22,2,0,0
BRDA:22,2,1,0
BRDA:23,3,0,0
BRDA:23,3,1,0
BRDA:25,4,0,0
BRDA:25,4,1,0
BRDA:29,5,0,0
BRDA:29,5,1,0
BRDA:30,6,0,0
BRDA:30,6,1,0
BRDA:32,7,0,0
BRDA:32,7,1,0
BRDA:37,8,0,0
BRDA:37,8,1,0
BRDA:62,9,0,0
BRDA:62,9,1,0
BRDA:66,10,0,0
BRDA:66,10,1,0
BRDA:78,11,0,0
BRDA:78,11,1,0
BRDA:83,12,0,0
BRDA:83,12,1,0
BRDA:97,13,0,0
BRDA:97,13,1,0
BRDA:106,14,0,0
BRDA:106,14,1,0
BRDA:107,15,0,0
BRDA:107,15,1,0
BRDA:116,16,0,0
BRDA:116,16,1,0
BRDA:129,17,0,0
BRDA:129,17,1,0
BRDA:129,18,0,0
BRDA:129,18,1,0
BRDA:131,19,0,0
BRDA:131,19,1,0
BRDA:135,20,0,0
BRDA:135,20,1,0
BRDA:140,21,0,0
BRDA:140,21,1,0
BRDA:147,22,0,0
BRDA:151,23,0,0
BRDA:151,23,1,0
BRDA:155,24,0,0
BRDA:155,24,1,0
BRDA:162,25,0,0
BRDA:162,25,1,0
BRDA:170,26,0,0
BRDA:170,26,1,0
BRDA:174,27,0,0
BRDA:174,27,1,0
BRDA:179,28,0,0
BRDA:179,28,1,0
BRDA:185,29,0,0
BRDA:185,29,1,0
BRDA:200,30,0,0
BRDA:200,30,1,0
BRDA:210,31,0,0
BRDA:210,31,1,0
BRDA:215,32,0,0
BRDA:215,32,1,0
BRDA:219,33,0,0
BRDA:219,33,1,0
BRDA:219,33,2,0
BRDA:219,33,3,0
BRDA:219,33,4,0
BRDA:222,34,0,0
BRDA:224,35,0,0
BRDA:224,35,1,0
BRDA:228,36,0,0
BRDA:228,36,1,0
BRDA:229,37,0,0
BRDA:229,37,1,0
BRDA:236,38,0,0
BRDA:236,38,1,0
BRDA:242,39,0,0
BRDA:242,39,1,0
BRDA:249,40,0,0
BRDA:249,40,1,0
BRDA:257,41,0,0
BRDA:257,41,1,0
BRDA:258,42,0,0
BRDA:258,42,1,0
BRDA:259,43,0,0
BRDA:259,43,1,0
BRDA:263,44,0,0
BRDA:263,44,1,0
BRDA:264,45,0,0
BRDA:264,45,1,0
BRDA:265,46,0,0
BRDA:265,46,1,0
BRDA:269,47,0,0
BRDA:269,47,1,0
BRDA:270,48,0,0
BRDA:270,48,1,0
BRDA:286,49,0,0
BRDA:286,49,1,0
BRDA:290,50,0,0
BRDA:290,50,1,0
BRDA:291,51,0,0
BRDA:291,51,1,0
BRDA:294,52,0,0
BRDA:294,52,1,0
BRDA:294,53,0,0
BRDA:294,53,1,0
BRDA:295,54,0,0
BRDA:295,54,1,0
BRDA:298,55,0,0
BRDA:298,55,1,0
BRDA:299,56,0,0
BRDA:299,56,1,0
BRDA:307,57,0,0
BRDA:307,57,1,0
BRDA:307,57,2,0
BRDA:307,58,0,0
BRDA:307,58,1,0
BRDA:307,58,2,0
BRDA:308,59,0,0
BRDA:308,59,1,0
BRDA:308,59,2,0
BRDA:309,60,0,0
BRDA:309,60,1,0
BRDA:309,60,2,0
BRDA:309,60,3,0
BRDA:310,61,0,0
BRDA:310,61,1,0
BRDA:310,61,2,0
BRDA:310,61,3,0
BRDA:312,62,0,0
BRDA:312,62,1,0
BRDA:312,63,0,0
BRDA:312,63,1,0
BRDA:319,64,0,0
BRDA:319,64,1,0
BRDA:320,65,0,0
BRDA:320,65,1,0
BRDA:325,66,0,0
BRDA:325,66,1,0
BRDA:325,66,2,0
BRDA:326,67,0,0
BRDA:326,67,1,0
BRDA:326,68,0,0
BRDA:326,68,1,0
BRDA:328,69,0,0
BRDA:328,69,1,0
BRDA:328,69,2,0
BRDA:329,70,0,0
BRDA:329,70,1,0
BRDA:329,70,2,0
BRDA:329,70,3,0
BRDA:331,71,0,0
BRDA:331,71,1,0
BRDA:331,72,0,0
BRDA:331,72,1,0
BRDA:338,73,0,0
BRDA:338,73,1,0
BRDA:343,74,0,0
BRDA:343,74,1,0
BRDA:343,75,0,0
BRDA:343,75,1,0
BRDA:349,76,0,0
BRDA:349,76,1,0
BRDA:380,77,0,0
BRDA:380,77,1,0
BRDA:386,78,0,0
BRDA:386,78,1,0
BRDA:405,79,0,0
BRDA:405,79,1,0
BRDA:420,80,0,0
BRDA:420,80,1,0
BRDA:433,81,0,0
BRDA:433,81,1,0
BRDA:434,82,0,0
BRDA:434,82,1,0
BRDA:435,83,0,0
BRDA:435,83,1,0
BRDA:445,84,0,0
BRDA:445,84,1,0
BRDA:445,85,0,0
BRDA:445,85,1,0
BRDA:445,85,2,0
BRDA:445,85,3,0
BRDA:464,86,0,0
BRDA:464,86,1,0
BRDA:479,87,0,0
BRDA:479,87,1,0
BRDA:493,88,0,0
BRDA:493,88,1,0
BRDA:493,88,2,0
BRDA:494,89,0,0
BRDA:494,89,1,0
BRDA:494,89,2,0
BRDA:494,89,3,0
BRDA:494,89,4,0
BRDA:495,90,0,0
BRDA:495,90,1,0
BRDA:495,90,2,0
BRDA:497,91,0,0
BRDA:497,91,1,0
BRDA:497,92,0,0
BRDA:497,92,1,0
BRDA:515,93,0,0
BRDA:515,93,1,0
BRDA:517,94,0,0
BRDA:517,94,1,0
BRDA:517,94,2,0
BRDA:518,95,0,0
BRDA:518,95,1,0
BRDA:518,95,2,0
BRDA:519,96,0,0
BRDA:519,96,1,0
BRDA:519,97,0,0
BRDA:519,97,1,0
BRDA:523,98,0,0
BRDA:523,98,1,0
BRDA:523,98,2,0
BRDA:524,99,0,0
BRDA:524,99,1,0
BRDA:524,99,2,0
BRDA:524,99,3,0
BRDA:525,100,0,0
BRDA:525,100,1,0
BRDA:535,101,0,0
BRDA:535,101,1,0
BRDA:548,102,0,0
BRDA:548,102,1,0
BRDA:548,103,0,0
BRDA:548,103,1,0
BRDA:548,103,2,0
BRDA:548,103,3,0
BRDA:564,104,0,0
BRDA:564,104,1,0
BRDA:577,105,0,0
BRDA:577,105,1,0
BRDA:579,106,0,0
BRDA:579,106,1,0
BRDA:592,107,0,0
BRDA:592,107,1,0
BRDA:603,108,0,0
BRDA:603,108,1,0
BRDA:603,108,2,0
BRDA:611,109,0,0
BRDA:611,109,1,0
BRDA:617,110,0,0
BRDA:617,110,1,0
BRDA:630,111,0,0
BRDA:630,111,1,0
BRDA:635,112,0,0
BRDA:635,112,1,0
BRDA:643,113,0,0
BRDA:643,113,1,0
BRDA:644,114,0,0
BRDA:644,114,1,0
BRDA:645,115,0,0
BRDA:645,115,1,0
BRDA:645,116,0,0
BRDA:645,116,1,0
BRDA:648,117,0,0
BRDA:648,117,1,0
BRDA:654,118,0,0
BRDA:654,118,1,0
BRDA:669,119,0,0
BRDA:669,119,1,0
BRDA:669,119,2,0
BRDA:674,120,0,0
BRDA:674,120,1,0
BRDA:680,121,0,0
BRDA:680,121,1,0
BRDA:712,122,0,0
BRDA:712,122,1,0
BRDA:712,123,0,0
BRDA:712,123,1,0
BRDA:731,124,0,0
BRDA:731,124,1,0
BRDA:735,125,0,0
BRDA:735,125,1,0
BRDA:739,126,0,0
BRDA:739,127,0,0
BRDA:740,128,0,0
BRDA:740,128,1,0
BRDA:743,129,0,0
BRDA:743,129,1,0
BRDA:751,130,0,0
BRDA:751,130,1,0
BRDA:783,131,0,0
BRDA:783,131,1,0
BRDA:783,132,0,0
BRDA:783,132,1,0
BRDA:793,133,0,0
BRDA:793,133,1,0
BRDA:806,134,0,0
BRDA:806,134,1,0
BRDA:823,135,0,0
BRDA:823,135,1,0
BRDA:847,136,0,0
BRDA:847,136,1,0
BRDA:847,137,0,0
BRDA:847,137,1,0
BRDA:857,138,0,0
BRDA:857,138,1,0
BRDA:869,139,0,0
BRDA:869,139,1,0
BRDA:886,140,0,0
BRDA:886,140,1,0
BRDA:906,141,0,0
BRDA:906,141,1,0
BRF:310
BRH:0
end_of_record
TN:
SF:lib/rankingEngine.js
FN:38,calculateBayesianConfidence
FN:83,calculateTimeWeightedWinRate
FN:118,normalizeMapType
FN:149,getMapTypeWeights
FN:177,calculatePairwiseSynergy
FN:178,(anonymous_5)
FN:189,(anonymous_6)
FN:194,(anonymous_7)
FN:246,calculateUseRateScore
FN:295,calculateCounterMetaScore
FN:352,computeCPS
FN:358,(anonymous_11)
FN:358,(anonymous_12)
FN:359,(anonymous_13)
FN:359,(anonymous_14)
FN:423,assignTiers
FN:424,(anonymous_16)
FN:435,(anonymous_17)
FNF:18
FNH:18
FNDA:17,calculateBayesianConfidence
FNDA:15,calculateTimeWeightedWinRate
FNDA:25,normalizeMapType
FNDA:19,getMapTypeWeights
FNDA:12,calculatePairwiseSynergy
FNDA:4,(anonymous_5)
FNDA:6,(anonymous_6)
FNDA:6,(anonymous_7)
FNDA:13,calculateUseRateScore
FNDA:14,calculateCounterMetaScore
FNDA:8,computeCPS
FNDA:24,(anonymous_11)
FNDA:24,(anonymous_12)
FNDA:24,(anonymous_13)
FNDA:24,(anonymous_14)
FNDA:5,assignTiers
FNDA:45,(anonymous_16)
FNDA:34,(anonymous_17)
DA:9,1
DA:10,1
DA:44,17
DA:45,17
DA:46,17
DA:49,17
DA:50,17
DA:53,17
DA:56,17
DA:84,15
DA:86,5
DA:87,5
DA:88,5
DA:90,5
DA:91,11
DA:92,11
DA:94,11
DA:95,11
DA:96,6
DA:100,5
DA:101,5
DA:119,25
DA:120,25
DA:121,15
DA:122,12
DA:123,10
DA:124,9
DA:125,5
DA:126,4
DA:127,3
DA:150,19
DA:178,12
DA:179,4
DA:184,12
DA:186,2
DA:187,2
DA:189,6
DA:190,2
DA:192,2
DA:193,3
DA:194,6
DA:196,3
DA:197,3
DA:200,3
DA:203,3
DA:204,3
DA:205,3
DA:209,2
DA:210,2
DA:213,2
DA:214,2
DA:247,13
DA:248,13
DA:250,13
DA:251,13
DA:252,13
DA:255,13
DA:256,8
DA:259,5
DA:260,1
DA:263,4
DA:264,2
DA:268,2
DA:271,13
DA:296,14
DA:297,10
DA:300,4
DA:301,4
DA:302,4
DA:304,4
DA:305,6
DA:306,5
DA:307,5
DA:308,5
DA:309,5
DA:310,5
DA:315,4
DA:316,3
DA:353,8
DA:354,8
DA:355,8
DA:358,24
DA:359,24
DA:360,8
DA:361,8
DA:362,8
DA:363,8
DA:366,8
DA:369,8
DA:370,8
DA:371,8
DA:374,8
DA:375,8
DA:378,8
DA:379,8
DA:380,8
DA:382,8
DA:386,8
DA:392,8
DA:394,8
DA:424,45
DA:425,5
DA:427,5
DA:429,4
DA:430,4
DA:431,4
DA:432,4
DA:433,4
DA:435,4
DA:436,34
DA:437,34
DA:438,29
DA:439,22
DA:440,9
DA:442,34
DA:446,1
LF:116
LH:116
BRDA:41,0,0,17
BRDA:42,1,0,17
BRDA:83,2,0,8
BRDA:84,3,0,10
BRDA:84,3,1,5
BRDA:84,4,0,15
BRDA:84,4,1,6
BRDA:84,4,2,6
BRDA:95,5,0,6
BRDA:95,5,1,5
BRDA:100,6,0,0
BRDA:100,6,1,5
BRDA:119,7,0,25
BRDA:119,7,1,2
BRDA:120,8,0,10
BRDA:120,8,1,15
BRDA:121,9,0,3
BRDA:121,9,1,12
BRDA:122,10,0,2
BRDA:122,10,1,10
BRDA:123,11,0,1
BRDA:123,11,1,9
BRDA:124,12,0,4
BRDA:124,12,1,5
BRDA:125,13,0,1
BRDA:125,13,1,4
BRDA:126,14,0,1
BRDA:126,14,1,3
BRDA:150,15,0,19
BRDA:150,15,1,0
BRDA:179,16,0,4
BRDA:179,16,1,4
BRDA:179,16,2,4
BRDA:181,17,0,4
BRDA:181,17,1,0
BRDA:184,18,0,10
BRDA:184,18,1,2
BRDA:189,19,0,6
BRDA:189,19,1,0
BRDA:189,19,2,0
BRDA:190,20,0,2
BRDA:190,20,1,0
BRDA:193,21,0,3
BRDA:193,21,1,0
BRDA:193,21,2,0
BRDA:197,22,0,3
BRDA:197,22,1,0
BRDA:203,23,0,3
BRDA:203,23,1,0
BRDA:209,24,0,0
BRDA:209,24,1,2
BRDA:247,25,0,13
BRDA:247,25,1,0
BRDA:248,26,0,13
BRDA:248,26,1,0
BRDA:255,27,0,8
BRDA:255,27,1,5
BRDA:255,28,0,13
BRDA:255,28,1,10
BRDA:259,29,0,1
BRDA:259,29,1,4
BRDA:259,30,0,5
BRDA:259,30,1,1
BRDA:263,31,0,2
BRDA:263,31,1,2
BRDA:263,32,0,4
BRDA:263,32,1,2
BRDA:296,33,0,10
BRDA:296,33,1,4
BRDA:296,34,0,14
BRDA:296,34,1,5
BRDA:296,34,2,5
BRDA:302,35,0,4
BRDA:302,35,1,0
BRDA:305,36,0,5
BRDA:305,36,1,1
BRDA:306,37,0,5
BRDA:306,37,1,0
BRDA:307,38,0,5
BRDA:307,38,1,0
BRDA:315,39,0,1
BRDA:315,39,1,3
BRDA:353,40,0,8
BRDA:353,40,1,1
BRDA:353,40,2,0
BRDA:354,41,0,8
BRDA:354,41,1,1
BRDA:355,42,0,8
BRDA:355,42,1,1
BRDA:358,43,0,24
BRDA:358,43,1,0
BRDA:362,44,0,8
BRDA:362,44,1,0
BRDA:363,45,0,8
BRDA:363,45,1,0
BRDA:366,46,0,8
BRDA:366,46,1,8
BRDA:424,47,0,45
BRDA:424,47,1,0
BRDA:424,48,0,45
BRDA:424,48,1,0
BRDA:427,49,0,1
BRDA:427,49,1,4
BRDA:437,50,0,5
BRDA:437,50,1,29
BRDA:438,51,0,7
BRDA:438,51,1,22
BRDA:439,52,0,13
BRDA:439,52,1,9
BRDA:440,53,0,6
BRDA:440,53,1,3
BRF:111
BRH:89
end_of_record
TN:
SF:lib/statistics.js
FN:17,mean
FN:19,(anonymous_1)
FN:36,standardDeviation
FN:39,(anonymous_3)
FN:62,zScore
FNF:5
FNH:5
FNDA:49,mean
FNDA:151,(anonymous_1)
FNDA:26,standardDeviation
FNDA:77,(anonymous_3)
FNDA:9,zScore
DA:18,49
DA:19,151
DA:37,26
DA:38,23
DA:39,77
DA:40,23
DA:63,9
DA:64,7
DA:67,2
LF:9
LH:9
BRDA:18,0,0,2
BRDA:18,0,1,47
BRDA:37,1,0,3
BRDA:37,1,1,23
BRDA:63,2,0,2
BRDA:63,2,1,7
BRF:6
BRH:6
end_of_record
